 N#  STAT PH  dTime W1 W2     dZ    dLa    dLo    Mag SEED_name 
  1 VASAV  P   0.05  2  2  999.0  999.0  999.0  999.0 2008-06-01-0003-53S.VNRC__100_MSEED 
  1 VASAV  S  23.96  1  3  999.0  999.0  999.0  999.0 2008-06-01-0003-53S.VNRC__100_MSEED 
  1 VAVUN  P  -0.12  1  2  999.0  999.0  999.0  999.0 2008-06-01-0003-53S.VNRC__100_MSEED 
  1 VBUTM  P  -0.23  0  1  999.0  999.0  999.0  999.0 2008-06-01-0003-53S.VNRC__100_MSEED 
  1 VBUTM  S   0.16  3  2  999.0  999.0  999.0  999.0 2008-06-01-0003-53S.VNRC__100_MSEED 
  1 VIRHO  P  -0.27  1  1  999.0  999.0  999.0  999.0 2008-06-01-0003-53S.VNRC__100_MSEED 
  1 VKOLH  P  -0.03  0  3  999.0  999.0  999.0  999.0 2008-06-01-0003-53S.VNRC__100_MSEED 
  1 VKOLH  S  -0.19  3  2  999.0  999.0  999.0  999.0 2008-06-01-0003-53S.VNRC__100_MSEED 
  1 VSARA  P  -0.30  0  1  999.0  999.0  999.0  999.0 2008-06-01-0003-53S.VNRC__100_MSEED 
  1 VSARA  S   0.16  2  3  999.0  999.0  999.0  999.0 2008-06-01-0003-53S.VNRC__100_MSEED 
  1 VTAMB  P  -0.31  0  1  999.0  999.0  999.0  999.0 2008-06-01-0003-53S.VNRC__100_MSEED 
  1 VTAMB  S  -0.32  2  2  999.0  999.0  999.0  999.0 2008-06-01-0003-53S.VNRC__100_MSEED 
  1 VTURT  P  -0.20  1  1  999.0  999.0  999.0  999.0 2008-06-01-0003-53S.VNRC__100_MSEED 
  2 VBUTM  P  -0.25  2  2  999.0  999.0  999.0  999.0 2008-06-01-0013-41S.VNRC__100_MSEED 
  5 VBUTM  P  -0.16  2  1  999.0  999.0  999.0  999.0 2008-06-01-0041-48S.VNRC__100_MSEED 
  5 VSARA  S  13.36  2  2  999.0  999.0  999.0  999.0 2008-06-01-0041-48S.VNRC__100_MSEED 
  6 VSARA  P   0.69  2  3  999.0  999.0  999.0  999.0 2008-06-01-0044-37S.VNRC__100_MSEED 
  7 VIRHO  P  -0.32  1  0  999.0  999.0  999.0  999.0 2008-06-01-0100-29S.VNRC__100_MSEED 
  7 VIRHO  S  -0.10  2  3  999.0  999.0  999.0  999.0 2008-06-01-0100-29S.VNRC__100_MSEED 
  7 VLEBE  P   4.39  2  1  999.0  999.0  999.0  999.0 2008-06-01-0100-29S.VNRC__100_MSEED 
  7 VSARA  P  -0.15  1  1  999.0  999.0  999.0  999.0 2008-06-01-0100-29S.VNRC__100_MSEED 
  7 VTAMB  P  -0.32  2  1  999.0  999.0  999.0  999.0 2008-06-01-0100-29S.VNRC__100_MSEED 
  7 VTURT  P  -0.42  1  0  999.0  999.0  999.0  999.0 2008-06-01-0100-29S.VNRC__100_MSEED 
  8 VANGO  P  -0.32  0  1  999.0  999.0  999.0  999.0 2008-06-01-0105-02S.VNRC__100_MSEED 
  8 VANGO  S   0.23  3  3  999.0  999.0  999.0  999.0 2008-06-01-0105-02S.VNRC__100_MSEED 
  8 VASAV  P   0.15  0  2  999.0  999.0  999.0  999.0 2008-06-01-0105-02S.VNRC__100_MSEED 
  8 VASAV  S  -0.29  2  3  999.0  999.0  999.0  999.0 2008-06-01-0105-02S.VNRC__100_MSEED 
  8 VAVUN  P  -0.36  0  2  999.0  999.0  999.0  999.0 2008-06-01-0105-02S.VNRC__100_MSEED 
  8 VAVUN  S   0.19  2  2  999.0  999.0  999.0  999.0 2008-06-01-0105-02S.VNRC__100_MSEED 
  8 VBUTM  P  -0.29  0  2  999.0  999.0  999.0  999.0 2008-06-01-0105-02S.VNRC__100_MSEED 
  8 VBUTM  S  -0.10  2  3  999.0  999.0  999.0  999.0 2008-06-01-0105-02S.VNRC__100_MSEED 
  8 VEBEN  P   0.04  2  1  999.0  999.0  999.0  999.0 2008-06-01-0105-02S.VNRC__100_MSEED 
  8 VESPI  P   0.14  0  2  999.0  999.0  999.0  999.0 2008-06-01-0105-02S.VNRC__100_MSEED 
  8 VESPI  S   0.46  2  3  999.0  999.0  999.0  999.0 2008-06-01-0105-02S.VNRC__100_MSEED 
  8 VIRHO  P  -0.20  0  1  999.0  999.0  999.0  999.0 2008-06-01-0105-02S.VNRC__100_MSEED 
  8 VIRHO  S   0.30  2  2  999.0  999.0  999.0  999.0 2008-06-01-0105-02S.VNRC__100_MSEED 
  8 VKOLH  P  -0.32  0  1  999.0  999.0  999.0  999.0 2008-06-01-0105-02S.VNRC__100_MSEED 
  8 VKOLH  S  -0.27  2  2  999.0  999.0  999.0  999.0 2008-06-01-0105-02S.VNRC__100_MSEED 
  8 VLEBE  P  -0.15  0  1  999.0  999.0  999.0  999.0 2008-06-01-0105-02S.VNRC__100_MSEED 
  8 VLEBE  S  -0.20  2  3  999.0  999.0  999.0  999.0 2008-06-01-0105-02S.VNRC__100_MSEED 
  8 VPOTO  P   0.00  0  1  999.0  999.0  999.0  999.0 2008-06-01-0105-02S.VNRC__100_MSEED 
  8 VPOTO  S  -0.12  3  3  999.0  999.0  999.0  999.0 2008-06-01-0105-02S.VNRC__100_MSEED 
  8 VSALE  P  -0.33  1  1  999.0  999.0  999.0  999.0 2008-06-01-0105-02S.VNRC__100_MSEED 
  8 VSARA  P  -0.11  0  1  999.0  999.0  999.0  999.0 2008-06-01-0105-02S.VNRC__100_MSEED 
  8 VSULE  P  -0.18  0  0  999.0  999.0  999.0  999.0 2008-06-01-0105-02S.VNRC__100_MSEED 
  8 VTAMB  P   0.48  1  1  999.0  999.0  999.0  999.0 2008-06-01-0105-02S.VNRC__100_MSEED 
  8 VTAMB  S   0.13  2  2  999.0  999.0  999.0  999.0 2008-06-01-0105-02S.VNRC__100_MSEED 
  8 VTURT  P  -0.26  0  1  999.0  999.0  999.0  999.0 2008-06-01-0105-02S.VNRC__100_MSEED 
  8 VWUSI  P  -0.24  0  0  999.0  999.0  999.0  999.0 2008-06-01-0105-02S.VNRC__100_MSEED 
  9 VANGO  P  15.42  1  3  999.0  999.0  999.0  999.0 2008-06-01-0115-19S.VNRC__100_MSEED 
  9 VASAV  P  -0.25  1  1  999.0  999.0  999.0  999.0 2008-06-01-0115-19S.VNRC__100_MSEED 
  9 VASAV  S  -0.60  2  3  999.0  999.0  999.0  999.0 2008-06-01-0115-19S.VNRC__100_MSEED 
  9 VAVUN  P  -0.18  1  0  999.0  999.0  999.0  999.0 2008-06-01-0115-19S.VNRC__100_MSEED 
  9 VAVUN  S   0.03  2  2  999.0  999.0  999.0  999.0 2008-06-01-0115-19S.VNRC__100_MSEED 
  9 VBUTM  P  13.62  1  0  999.0  999.0  999.0  999.0 2008-06-01-0115-19S.VNRC__100_MSEED 
  9 VIRHO  P  -0.01  1  3  999.0  999.0  999.0  999.0 2008-06-01-0115-19S.VNRC__100_MSEED 
  9 VKOLH  P   0.03  1  2  999.0  999.0  999.0  999.0 2008-06-01-0115-19S.VNRC__100_MSEED 
  9 VLEBE  P  14.56  1  2  999.0  999.0  999.0  999.0 2008-06-01-0115-19S.VNRC__100_MSEED 
  9 VPOTO  P  -0.30  1  0  999.0  999.0  999.0  999.0 2008-06-01-0115-19S.VNRC__100_MSEED 
  9 VPOTO  S   0.11  2  3  999.0  999.0  999.0  999.0 2008-06-01-0115-19S.VNRC__100_MSEED 
  9 VSARA  P  -0.34  0  0  999.0  999.0  999.0  999.0 2008-06-01-0115-19S.VNRC__100_MSEED 
  9 VSARA  S   0.17  2  1  999.0  999.0  999.0  999.0 2008-06-01-0115-19S.VNRC__100_MSEED 
  9 VTAMB  P  -0.18  2  0  999.0  999.0  999.0  999.0 2008-06-01-0115-19S.VNRC__100_MSEED 
  9 VTAMB  S  -0.09  2  1  999.0  999.0  999.0  999.0 2008-06-01-0115-19S.VNRC__100_MSEED 
 10 VANGO  P  -0.19  1  0  999.0  999.0  999.0  999.0 2008-06-01-0124-17S.VNRC__100_MSEED 
 10 VIRHO  P   0.38  2  2  999.0  999.0  999.0  999.0 2008-06-01-0124-17S.VNRC__100_MSEED 
 10 VIRHO  S   0.11  2  2  999.0  999.0  999.0  999.0 2008-06-01-0124-17S.VNRC__100_MSEED 
 10 VKOLH  P  -0.37  0  0  999.0  999.0  999.0  999.0 2008-06-01-0124-17S.VNRC__100_MSEED 
 10 VKOLH  S  -0.15  1  2  999.0  999.0  999.0  999.0 2008-06-01-0124-17S.VNRC__100_MSEED 
 10 VSARA  P  -0.31  0  0  999.0  999.0  999.0  999.0 2008-06-01-0124-17S.VNRC__100_MSEED 
 11 VANGO  P  -0.21  0  0  999.0  999.0  999.0  999.0 2008-06-01-0203-29S.VNRC__100_MSEED 
 11 VASAV  P  -0.22  1  1  999.0  999.0  999.0  999.0 2008-06-01-0203-29S.VNRC__100_MSEED 
 11 VAVUN  P  -0.04  0  1  999.0  999.0  999.0  999.0 2008-06-01-0203-29S.VNRC__100_MSEED 
 11 VAVUN  S   0.27  3  3  999.0  999.0  999.0  999.0 2008-06-01-0203-29S.VNRC__100_MSEED 
 11 VBUTM  P  -0.08  1  1  999.0  999.0  999.0  999.0 2008-06-01-0203-29S.VNRC__100_MSEED 
 11 VBUTM  S   0.04  3  2  999.0  999.0  999.0  999.0 2008-06-01-0203-29S.VNRC__100_MSEED 
 11 VIRHO  P  -0.22  0  1  999.0  999.0  999.0  999.0 2008-06-01-0203-29S.VNRC__100_MSEED 
 11 VKOLH  P  -0.21  0  1  999.0  999.0  999.0  999.0 2008-06-01-0203-29S.VNRC__100_MSEED 
 11 VKOLH  S  -0.28  2  2  999.0  999.0  999.0  999.0 2008-06-01-0203-29S.VNRC__100_MSEED 
 11 VLEBE  P  -0.29  1  1  999.0  999.0  999.0  999.0 2008-06-01-0203-29S.VNRC__100_MSEED 
 11 VLEBE  S  -0.05  2  1  999.0  999.0  999.0  999.0 2008-06-01-0203-29S.VNRC__100_MSEED 
 11 VSARA  P  -0.15  0  0  999.0  999.0  999.0  999.0 2008-06-01-0203-29S.VNRC__100_MSEED 
 11 VSARA  S   0.19  3  3  999.0  999.0  999.0  999.0 2008-06-01-0203-29S.VNRC__100_MSEED 
 11 VSULE  P  -0.18  1  2  999.0  999.0  999.0  999.0 2008-06-01-0203-29S.VNRC__100_MSEED 
 11 VTAMB  P  -0.09  1  2  999.0  999.0  999.0  999.0 2008-06-01-0203-29S.VNRC__100_MSEED 
 11 VTAMB  S   0.05  2  2  999.0  999.0  999.0  999.0 2008-06-01-0203-29S.VNRC__100_MSEED 
 11 VTURT  P  -0.25  0  1  999.0  999.0  999.0  999.0 2008-06-01-0203-29S.VNRC__100_MSEED 
 12 VANGO  P  -0.06  1  1  999.0  999.0  999.0  999.0 2008-06-01-0208-35S.VNRC__100_MSEED 
 12 VIRHO  P   0.07  1  1  999.0  999.0  999.0  999.0 2008-06-01-0208-35S.VNRC__100_MSEED 
 12 VKOLH  P  -0.27  0  1  999.0  999.0  999.0  999.0 2008-06-01-0208-35S.VNRC__100_MSEED 
 12 VKOLH  S   0.12  2  3  999.0  999.0  999.0  999.0 2008-06-01-0208-35S.VNRC__100_MSEED 
 12 VSARA  P  -0.26  1  1  999.0  999.0  999.0  999.0 2008-06-01-0208-35S.VNRC__100_MSEED 
 12 VTURT  P  -0.05  1  3  999.0  999.0  999.0  999.0 2008-06-01-0208-35S.VNRC__100_MSEED 
 14 VKOLH  P  -0.16  2  2  999.0  999.0  999.0  999.0 2008-06-01-0252-09S.VNRC__100_MSEED 
 16 VIRHO  P  13.69  1  1  999.0  999.0  999.0  999.0 2008-06-01-0319-30S.VNRC__100_MSEED 
 16 VKOLH  P  12.92  2  2  999.0  999.0  999.0  999.0 2008-06-01-0319-30S.VNRC__100_MSEED 
 16 VSARA  P  -0.21  1  1  999.0  999.0  999.0  999.0 2008-06-01-0319-30S.VNRC__100_MSEED 
 16 VSARA  S   0.17  2  2  999.0  999.0  999.0  999.0 2008-06-01-0319-30S.VNRC__100_MSEED 
 19 VANGO  P  -0.29  0  0  999.0  999.0  999.0  999.0 2008-06-01-0343-56S.VNRC__100_MSEED 
 19 VBUTM  P  -0.43  0  0  999.0  999.0  999.0  999.0 2008-06-01-0343-56S.VNRC__100_MSEED 
 19 VBUTM  S  -0.09  2  1  999.0  999.0  999.0  999.0 2008-06-01-0343-56S.VNRC__100_MSEED 
 19 VIRHO  P  -0.26  1  0  999.0  999.0  999.0  999.0 2008-06-01-0343-56S.VNRC__100_MSEED 
 19 VIRHO  S  -0.07  2  2  999.0  999.0  999.0  999.0 2008-06-01-0343-56S.VNRC__100_MSEED 
 19 VKOLH  P  -0.32  1  0  999.0  999.0  999.0  999.0 2008-06-01-0343-56S.VNRC__100_MSEED 
 19 VKOLH  S  -0.36  1  3  999.0  999.0  999.0  999.0 2008-06-01-0343-56S.VNRC__100_MSEED 
 19 VLEBE  P   4.49  0  1  999.0  999.0  999.0  999.0 2008-06-01-0343-56S.VNRC__100_MSEED 
 19 VSARA  P  -0.35  0  0  999.0  999.0  999.0  999.0 2008-06-01-0343-56S.VNRC__100_MSEED 
 22 VANGO  P  -0.11  2  0  999.0  999.0  999.0  999.0 2008-06-01-0405-42S.VNRC__100_MSEED 
 22 VAVUN  P   0.03  1  2  999.0  999.0  999.0  999.0 2008-06-01-0405-42S.VNRC__100_MSEED 
 22 VBUTM  P  -0.24  0  1  999.0  999.0  999.0  999.0 2008-06-01-0405-42S.VNRC__100_MSEED 
 22 VBUTM  S  -0.29  2  1  999.0  999.0  999.0  999.0 2008-06-01-0405-42S.VNRC__100_MSEED 
 22 VIRHO  P  -0.03  0  2  999.0  999.0  999.0  999.0 2008-06-01-0405-42S.VNRC__100_MSEED 
 22 VKOLH  P  -0.08  0  1  999.0  999.0  999.0  999.0 2008-06-01-0405-42S.VNRC__100_MSEED 
 22 VKOLH  S  -0.44  2  2  999.0  999.0  999.0  999.0 2008-06-01-0405-42S.VNRC__100_MSEED 
 22 VSARA  P  -0.14  0  0  999.0  999.0  999.0  999.0 2008-06-01-0405-42S.VNRC__100_MSEED 
 22 VSARA  S  -0.08  2  2  999.0  999.0  999.0  999.0 2008-06-01-0405-42S.VNRC__100_MSEED 
 22 VSULE  P  -0.21  0  0  999.0  999.0  999.0  999.0 2008-06-01-0405-42S.VNRC__100_MSEED 
 22 VTAMB  P  22.21  0  1  999.0  999.0  999.0  999.0 2008-06-01-0405-42S.VNRC__100_MSEED 
 22 VTURT  P   0.31  2  1  999.0  999.0  999.0  999.0 2008-06-01-0405-42S.VNRC__100_MSEED 
 22 VTURT  S  -0.04  2  3  999.0  999.0  999.0  999.0 2008-06-01-0405-42S.VNRC__100_MSEED 
 22 VWUSI  P  -0.32  0  0  999.0  999.0  999.0  999.0 2008-06-01-0405-42S.VNRC__100_MSEED 
 25 VANGO  P  -0.21  2  1  999.0  999.0  999.0  999.0 2008-06-01-0429-02S.VNRC__100_MSEED 
 25 VBUTM  P  -0.15  2  2  999.0  999.0  999.0  999.0 2008-06-01-0429-02S.VNRC__100_MSEED 
 25 VKOLH  P  -0.30  1  1  999.0  999.0  999.0  999.0 2008-06-01-0429-02S.VNRC__100_MSEED 
 25 VKOLH  S  -0.09  2  2  999.0  999.0  999.0  999.0 2008-06-01-0429-02S.VNRC__100_MSEED 
 25 VSARA  P  -0.22  1  1  999.0  999.0  999.0  999.0 2008-06-01-0429-02S.VNRC__100_MSEED 
 25 VSARA  S   0.40  3  3  999.0  999.0  999.0  999.0 2008-06-01-0429-02S.VNRC__100_MSEED 
 25 VTURT  P  -0.09  1  3  999.0  999.0  999.0  999.0 2008-06-01-0429-02S.VNRC__100_MSEED 
 26 VKOLH  P  -0.20  1  3  999.0  999.0  999.0  999.0 2008-06-01-0446-09S.VNRC__100_MSEED 
 28 VANGO  P  -0.24  0  2  999.0  999.0  999.0  999.0 2008-06-01-0505-36S.VNRC__100_MSEED 
 28 VAVUN  P  -0.21  1  1  999.0  999.0  999.0  999.0 2008-06-01-0505-36S.VNRC__100_MSEED 
 28 VBUTM  P  -0.08  1  0  999.0  999.0  999.0  999.0 2008-06-01-0505-36S.VNRC__100_MSEED 
 28 VESPI  P  -0.16  1  1  999.0  999.0  999.0  999.0 2008-06-01-0505-36S.VNRC__100_MSEED 
 28 VIRHO  P   0.08  1  1  999.0  999.0  999.0  999.0 2008-06-01-0505-36S.VNRC__100_MSEED 
 28 VKOLH  P  -0.12  0  1  999.0  999.0  999.0  999.0 2008-06-01-0505-36S.VNRC__100_MSEED 
 28 VLEBE  P   0.05  1  1  999.0  999.0  999.0  999.0 2008-06-01-0505-36S.VNRC__100_MSEED 
 28 VNARW  P  18.35  2  2  999.0  999.0  999.0  999.0 2008-06-01-0505-36S.VNRC__100_MSEED 
 28 VPOTO  P  -0.21  0  1  999.0  999.0  999.0  999.0 2008-06-01-0505-36S.VNRC__100_MSEED 
 28 VSARA  P  -0.20  0  0  999.0  999.0  999.0  999.0 2008-06-01-0505-36S.VNRC__100_MSEED 
 28 VSARA  S   0.36  3  2  999.0  999.0  999.0  999.0 2008-06-01-0505-36S.VNRC__100_MSEED 
 31 VAVUN  P  12.10  2  2  999.0  999.0  999.0  999.0 2008-06-01-0535-56S.VNRC__100_MSEED 
 31 VSARA  P   0.06  1  0  999.0  999.0  999.0  999.0 2008-06-01-0535-56S.VNRC__100_MSEED 
 32 VSARA  P   0.35  0  1  999.0  999.0  999.0  999.0 2008-06-01-0553-09S.VNRC__100_MSEED 
 34 VPOTO  P   0.18  2  1  999.0  999.0  999.0  999.0 2008-06-01-0627-33S.VNRC__100_MSEED 
 34 VSARA  P  -0.14  0  2  999.0  999.0  999.0  999.0 2008-06-01-0627-33S.VNRC__100_MSEED 
 35 VANGO  P  -0.30  0  1  999.0  999.0  999.0  999.0 2008-06-01-0630-45S.VNRC__100_MSEED 
 35 VANGO  S   0.65  2  2  999.0  999.0  999.0  999.0 2008-06-01-0630-45S.VNRC__100_MSEED 
 35 VASAV  S  -0.15  2  2  999.0  999.0  999.0  999.0 2008-06-01-0630-45S.VNRC__100_MSEED 
 35 VAVUN  P  -0.42  0  0  999.0  999.0  999.0  999.0 2008-06-01-0630-45S.VNRC__100_MSEED 
 35 VAVUN  S   0.14  3  3  999.0  999.0  999.0  999.0 2008-06-01-0630-45S.VNRC__100_MSEED 
 35 VBUTM  P  -0.31  0  1  999.0  999.0  999.0  999.0 2008-06-01-0630-45S.VNRC__100_MSEED 
 35 VBUTM  S  -0.29  2  2  999.0  999.0  999.0  999.0 2008-06-01-0630-45S.VNRC__100_MSEED 
 35 VESPI  P   0.01  0  3  999.0  999.0  999.0  999.0 2008-06-01-0630-45S.VNRC__100_MSEED 
 35 VESPI  S   0.32  3  3  999.0  999.0  999.0  999.0 2008-06-01-0630-45S.VNRC__100_MSEED 
 35 VIRHO  P  -0.36  0  2  999.0  999.0  999.0  999.0 2008-06-01-0630-45S.VNRC__100_MSEED 
 35 VKOLH  P  -0.27  0  3  999.0  999.0  999.0  999.0 2008-06-01-0630-45S.VNRC__100_MSEED 
 35 VKOLH  S  -0.19  2  2  999.0  999.0  999.0  999.0 2008-06-01-0630-45S.VNRC__100_MSEED 
 35 VLEBE  P  -0.12  0  3  999.0  999.0  999.0  999.0 2008-06-01-0630-45S.VNRC__100_MSEED 
 35 VLEBE  S  -0.06  2  2  999.0  999.0  999.0  999.0 2008-06-01-0630-45S.VNRC__100_MSEED 
 35 VNARW  S   0.05  2  3  999.0  999.0  999.0  999.0 2008-06-01-0630-45S.VNRC__100_MSEED 
 35 VPOTO  P  -0.16  0  3  999.0  999.0  999.0  999.0 2008-06-01-0630-45S.VNRC__100_MSEED 
 35 VSARA  P  -0.05  0  2  999.0  999.0  999.0  999.0 2008-06-01-0630-45S.VNRC__100_MSEED 
 35 VSARA  S   0.28  2  1  999.0  999.0  999.0  999.0 2008-06-01-0630-45S.VNRC__100_MSEED 
 35 VSULE  P   0.48  0  2  999.0  999.0  999.0  999.0 2008-06-01-0630-45S.VNRC__100_MSEED 
 35 VTAMB  P  -0.31  0  2  999.0  999.0  999.0  999.0 2008-06-01-0630-45S.VNRC__100_MSEED 
 35 VTAMB  S  -0.50  1  2  999.0  999.0  999.0  999.0 2008-06-01-0630-45S.VNRC__100_MSEED 
 35 VTURT  P  -0.30  0  1  999.0  999.0  999.0  999.0 2008-06-01-0630-45S.VNRC__100_MSEED 
 35 VTURT  S  -0.47  2  2  999.0  999.0  999.0  999.0 2008-06-01-0630-45S.VNRC__100_MSEED 
 35 VWUSI  P  -0.25  0  1  999.0  999.0  999.0  999.0 2008-06-01-0630-45S.VNRC__100_MSEED 
 36 VANGO  P  -0.30  0  0  999.0  999.0  999.0  999.0 2008-06-01-0658-22S.VNRC__100_MSEED 
 36 VAVUN  P  -0.03  1  1  999.0  999.0  999.0  999.0 2008-06-01-0658-22S.VNRC__100_MSEED 
 36 VBUTM  P  -0.12  0  2  999.0  999.0  999.0  999.0 2008-06-01-0658-22S.VNRC__100_MSEED 
 36 VIRHO  P  -0.30  0  1  999.0  999.0  999.0  999.0 2008-06-01-0658-22S.VNRC__100_MSEED 
 36 VKOLH  P  -0.26  1  1  999.0  999.0  999.0  999.0 2008-06-01-0658-22S.VNRC__100_MSEED 
 36 VLEBE  P  -0.29  0  1  999.0  999.0  999.0  999.0 2008-06-01-0658-22S.VNRC__100_MSEED 
 36 VLEBE  S   0.76  3  1  999.0  999.0  999.0  999.0 2008-06-01-0658-22S.VNRC__100_MSEED 
 36 VSARA  P  -0.24  1  0  999.0  999.0  999.0  999.0 2008-06-01-0658-22S.VNRC__100_MSEED 
 36 VTURT  P  -0.36  1  0  999.0  999.0  999.0  999.0 2008-06-01-0658-22S.VNRC__100_MSEED 
 38 VAVUN  P   0.13  2  2  999.0  999.0  999.0  999.0 2008-06-01-0710-02S.VNRC__100_MSEED 
 38 VBUTM  P   0.03  1  1  999.0  999.0  999.0  999.0 2008-06-01-0710-02S.VNRC__100_MSEED 
 38 VBUTM  S  -0.28  2  2  999.0  999.0  999.0  999.0 2008-06-01-0710-02S.VNRC__100_MSEED 
 38 VIRHO  P  -0.24  1  1  999.0  999.0  999.0  999.0 2008-06-01-0710-02S.VNRC__100_MSEED 
 38 VLEBE  P   0.12  1  1  999.0  999.0  999.0  999.0 2008-06-01-0710-02S.VNRC__100_MSEED 
 38 VPOTO  P  -0.11  1  1  999.0  999.0  999.0  999.0 2008-06-01-0710-02S.VNRC__100_MSEED 
 38 VSARA  P  -0.20  0  1  999.0  999.0  999.0  999.0 2008-06-01-0710-02S.VNRC__100_MSEED 
 38 VSARA  S  59.34  2  2  999.0  999.0  999.0  999.0 2008-06-01-0710-02S.VNRC__100_MSEED 
 39 VASAV  P   0.86  2  1  999.0  999.0  999.0  999.0 2008-06-01-0730-57S.VNRC__100_MSEED 
 39 VAVUN  P   0.17  0  2  999.0  999.0  999.0  999.0 2008-06-01-0730-57S.VNRC__100_MSEED 
 39 VBUTM  P  -0.06  0  1  999.0  999.0  999.0  999.0 2008-06-01-0730-57S.VNRC__100_MSEED 
 39 VBUTM  S  -0.08  3  3  999.0  999.0  999.0  999.0 2008-06-01-0730-57S.VNRC__100_MSEED 
 39 VESPI  P   0.08  0  1  999.0  999.0  999.0  999.0 2008-06-01-0730-57S.VNRC__100_MSEED 
 39 VESPI  S  -0.13  2  2  999.0  999.0  999.0  999.0 2008-06-01-0730-57S.VNRC__100_MSEED 
 39 VIRHO  P  -0.23  0  2  999.0  999.0  999.0  999.0 2008-06-01-0730-57S.VNRC__100_MSEED 
 39 VKOLH  P  -0.26  0  1  999.0  999.0  999.0  999.0 2008-06-01-0730-57S.VNRC__100_MSEED 
 39 VLEBE  P  -0.42  0  3  999.0  999.0  999.0  999.0 2008-06-01-0730-57S.VNRC__100_MSEED 
 39 VNARW  P   0.03  2  2  999.0  999.0  999.0  999.0 2008-06-01-0730-57S.VNRC__100_MSEED 
 39 VPOTO  P  -0.34  0  0  999.0  999.0  999.0  999.0 2008-06-01-0730-57S.VNRC__100_MSEED 
 39 VPOTO  S   1.09  2  3  999.0  999.0  999.0  999.0 2008-06-01-0730-57S.VNRC__100_MSEED 
 39 VSARA  P  -0.40  0  1  999.0  999.0  999.0  999.0 2008-06-01-0730-57S.VNRC__100_MSEED 
 39 VTAMB  P -13.75  1  3  999.0  999.0  999.0  999.0 2008-06-01-0730-57S.VNRC__100_MSEED 
 39 VTURT  P  -0.05  0  2  999.0  999.0  999.0  999.0 2008-06-01-0730-57S.VNRC__100_MSEED 
 39 VWUSI  P  -0.24  0  3  999.0  999.0  999.0  999.0 2008-06-01-0730-57S.VNRC__100_MSEED 
 40 VANGO  P  -0.11  2  1  999.0  999.0  999.0  999.0 2008-06-01-0736-18S.VNRC__100_MSEED 
 40 VANGO  S  -0.52  1  3  999.0  999.0  999.0  999.0 2008-06-01-0736-18S.VNRC__100_MSEED 
 40 VBUTM  P  17.76  2  2  999.0  999.0  999.0  999.0 2008-06-01-0736-18S.VNRC__100_MSEED 
 40 VIRHO  P  -0.17  1  2  999.0  999.0  999.0  999.0 2008-06-01-0736-18S.VNRC__100_MSEED 
 40 VIRHO  S  -0.25  2  2  999.0  999.0  999.0  999.0 2008-06-01-0736-18S.VNRC__100_MSEED 
 40 VLEBE  P  -0.30  1  1  999.0  999.0  999.0  999.0 2008-06-01-0736-18S.VNRC__100_MSEED 
 40 VSARA  P  -0.24  0  1  999.0  999.0  999.0  999.0 2008-06-01-0736-18S.VNRC__100_MSEED 
 40 VSARA  S  -0.40  1  1  999.0  999.0  999.0  999.0 2008-06-01-0736-18S.VNRC__100_MSEED 
 41 VANGO  P  -0.32  1  1  999.0  999.0  999.0  999.0 2008-06-01-0742-03S.VNRC__100_MSEED 
 41 VANGO  S   0.03  2  3  999.0  999.0  999.0  999.0 2008-06-01-0742-03S.VNRC__100_MSEED 
 41 VAVUN  P  -0.11  1  1  999.0  999.0  999.0  999.0 2008-06-01-0742-03S.VNRC__100_MSEED 
 41 VAVUN  S   0.04  2  1  999.0  999.0  999.0  999.0 2008-06-01-0742-03S.VNRC__100_MSEED 
 41 VBUTM  P  -0.17  0  1  999.0  999.0  999.0  999.0 2008-06-01-0742-03S.VNRC__100_MSEED 
 41 VBUTM  S   0.12  2  1  999.0  999.0  999.0  999.0 2008-06-01-0742-03S.VNRC__100_MSEED 
 41 VIRHO  P  -0.29  0  2  999.0  999.0  999.0  999.0 2008-06-01-0742-03S.VNRC__100_MSEED 
 41 VKOLH  P  -0.01  2  2  999.0  999.0  999.0  999.0 2008-06-01-0742-03S.VNRC__100_MSEED 
 41 VLEBE  P  -0.17  0  1  999.0  999.0  999.0  999.0 2008-06-01-0742-03S.VNRC__100_MSEED 
 41 VLEBE  S  -0.07  3  2  999.0  999.0  999.0  999.0 2008-06-01-0742-03S.VNRC__100_MSEED 
 41 VPOTO  P   0.20  1  1  999.0  999.0  999.0  999.0 2008-06-01-0742-03S.VNRC__100_MSEED 
 41 VSARA  P  -2.82  0  1  999.0  999.0  999.0  999.0 2008-06-01-0742-03S.VNRC__100_MSEED 
 41 VSARA  S   8.71  2  1  999.0  999.0  999.0  999.0 2008-06-01-0742-03S.VNRC__100_MSEED 
 41 VTURT  P  -0.18  0  1  999.0  999.0  999.0  999.0 2008-06-01-0742-03S.VNRC__100_MSEED 
 41 VTURT  S  -0.32  2  1  999.0  999.0  999.0  999.0 2008-06-01-0742-03S.VNRC__100_MSEED 
 46 VANGO  P  16.10  1  1  999.0  999.0  999.0  999.0 2008-06-01-0806-31S.VNRC__100_MSEED 
 46 VAVUN  P   0.02  0  1  999.0  999.0  999.0  999.0 2008-06-01-0806-31S.VNRC__100_MSEED 
 46 VBUTM  S   0.10  2  3  999.0  999.0  999.0  999.0 2008-06-01-0806-31S.VNRC__100_MSEED 
 46 VKOLH  P  -0.09  0  1  999.0  999.0  999.0  999.0 2008-06-01-0806-31S.VNRC__100_MSEED 
 46 VKOLH  S  -0.29  2  1  999.0  999.0  999.0  999.0 2008-06-01-0806-31S.VNRC__100_MSEED 
 46 VLEBE  P   0.04  2  2  999.0  999.0  999.0  999.0 2008-06-01-0806-31S.VNRC__100_MSEED 
 46 VNARW  P  14.52  1  2  999.0  999.0  999.0  999.0 2008-06-01-0806-31S.VNRC__100_MSEED 
 46 VSARA  P  -0.23  0  0  999.0  999.0  999.0  999.0 2008-06-01-0806-31S.VNRC__100_MSEED 
 46 VSARA  S  -0.05  2  2  999.0  999.0  999.0  999.0 2008-06-01-0806-31S.VNRC__100_MSEED 
 46 VTURT  P  -0.34  0  0  999.0  999.0  999.0  999.0 2008-06-01-0806-31S.VNRC__100_MSEED 
 47 VANGO  P  -0.19  0  0  999.0  999.0  999.0  999.0 2008-06-01-0811-13S.VNRC__100_MSEED 
 47 VASAV  S  46.88  3  1  999.0  999.0  999.0  999.0 2008-06-01-0811-13S.VNRC__100_MSEED 
 47 VAVUN  P  -0.34  0  1  999.0  999.0  999.0  999.0 2008-06-01-0811-13S.VNRC__100_MSEED 
 47 VAVUN  S  -0.37  2  1  999.0  999.0  999.0  999.0 2008-06-01-0811-13S.VNRC__100_MSEED 
 47 VBUTM  P  -0.29  0  1  999.0  999.0  999.0  999.0 2008-06-01-0811-13S.VNRC__100_MSEED 
 47 VBUTM  S  -0.22  2  1  999.0  999.0  999.0  999.0 2008-06-01-0811-13S.VNRC__100_MSEED 
 47 VESPI  P   0.13  1  2  999.0  999.0  999.0  999.0 2008-06-01-0811-13S.VNRC__100_MSEED 
 47 VESPI  S  -0.28  2  3  999.0  999.0  999.0  999.0 2008-06-01-0811-13S.VNRC__100_MSEED 
 47 VIRHO  P  -0.27  0  1  999.0  999.0  999.0  999.0 2008-06-01-0811-13S.VNRC__100_MSEED 
 47 VKOLH  P  -0.29  0  0  999.0  999.0  999.0  999.0 2008-06-01-0811-13S.VNRC__100_MSEED 
 47 VLEBE  P  -0.33  0  0  999.0  999.0  999.0  999.0 2008-06-01-0811-13S.VNRC__100_MSEED 
 47 VLEBE  S   0.31  2  2  999.0  999.0  999.0  999.0 2008-06-01-0811-13S.VNRC__100_MSEED 
 47 VSARA  P  -0.36  0  1  999.0  999.0  999.0  999.0 2008-06-01-0811-13S.VNRC__100_MSEED 
 47 VSARA  S   0.41  2  3  999.0  999.0  999.0  999.0 2008-06-01-0811-13S.VNRC__100_MSEED 
 47 VSULE  P  -0.09  0  1  999.0  999.0  999.0  999.0 2008-06-01-0811-13S.VNRC__100_MSEED 
 47 VTAMB  P  10.76  1  1  999.0  999.0  999.0  999.0 2008-06-01-0811-13S.VNRC__100_MSEED 
 47 VTURT  P  -0.36  0  1  999.0  999.0  999.0  999.0 2008-06-01-0811-13S.VNRC__100_MSEED 
 47 VWUSI  P  -0.29  0  2  999.0  999.0  999.0  999.0 2008-06-01-0811-13S.VNRC__100_MSEED 
 48 VANGO  P  -0.04  1  1  999.0  999.0  999.0  999.0 2008-06-01-0818-09S.VNRC__100_MSEED 
 48 VAVUN  P  -0.27  0  1  999.0  999.0  999.0  999.0 2008-06-01-0818-09S.VNRC__100_MSEED 
 48 VBUTM  P  -0.36  0  1  999.0  999.0  999.0  999.0 2008-06-01-0818-09S.VNRC__100_MSEED 
 48 VIRHO  P  -0.15  1  1  999.0  999.0  999.0  999.0 2008-06-01-0818-09S.VNRC__100_MSEED 
 48 VKOLH  P  -0.33  1  2  999.0  999.0  999.0  999.0 2008-06-01-0818-09S.VNRC__100_MSEED 
 48 VLEBE  P  -0.10  1  1  999.0  999.0  999.0  999.0 2008-06-01-0818-09S.VNRC__100_MSEED 
 48 VPOTO  P  -0.22  1  2  999.0  999.0  999.0  999.0 2008-06-01-0818-09S.VNRC__100_MSEED 
 48 VSARA  P  -0.26  0  0  999.0  999.0  999.0  999.0 2008-06-01-0818-09S.VNRC__100_MSEED 
 48 VTAMB  P  -0.12  1  1  999.0  999.0  999.0  999.0 2008-06-01-0818-09S.VNRC__100_MSEED 
 48 VTURT  P  -0.35  0  1  999.0  999.0  999.0  999.0 2008-06-01-0818-09S.VNRC__100_MSEED 
 50 VANGO  P   0.07  1  1  999.0  999.0  999.0  999.0 2008-06-01-0830-40S.VNRC__100_MSEED 
 50 VSARA  P   0.13  2  1  999.0  999.0  999.0  999.0 2008-06-01-0830-40S.VNRC__100_MSEED 
 53 VANGO  P   0.07  1  1  999.0  999.0  999.0  999.0 2008-06-01-0847-16S.VNRC__100_MSEED 
 53 VANGO  S  -0.76  2  3  999.0  999.0  999.0  999.0 2008-06-01-0847-16S.VNRC__100_MSEED 
 53 VBUTM  P   0.10  2  2  999.0  999.0  999.0  999.0 2008-06-01-0847-16S.VNRC__100_MSEED 
 53 VBUTM  S   0.14  2  2  999.0  999.0  999.0  999.0 2008-06-01-0847-16S.VNRC__100_MSEED 
 53 VIRHO  P   0.01  1  2  999.0  999.0  999.0  999.0 2008-06-01-0847-16S.VNRC__100_MSEED 
 53 VKOLH  P -11.81  2  2  999.0  999.0  999.0  999.0 2008-06-01-0847-16S.VNRC__100_MSEED 
 53 VLEBE  P   0.40  1  2  999.0  999.0  999.0  999.0 2008-06-01-0847-16S.VNRC__100_MSEED 
 53 VLEBE  S   0.84  3  2  999.0  999.0  999.0  999.0 2008-06-01-0847-16S.VNRC__100_MSEED 
 53 VSARA  P   0.15  1  1  999.0  999.0  999.0  999.0 2008-06-01-0847-16S.VNRC__100_MSEED 
 53 VSARA  S  -0.03  2  2  999.0  999.0  999.0  999.0 2008-06-01-0847-16S.VNRC__100_MSEED 
 53 VTAMB  P  23.53  1  1  999.0  999.0  999.0  999.0 2008-06-01-0847-16S.VNRC__100_MSEED 
 54 VANGO  P  -0.32  1  1  999.0  999.0  999.0  999.0 2008-06-01-0859-11S.VNRC__100_MSEED 
 54 VANGO  S   0.95  2  2  999.0  999.0  999.0  999.0 2008-06-01-0859-11S.VNRC__100_MSEED 
 54 VAVUN  P  -0.12  1  1  999.0  999.0  999.0  999.0 2008-06-01-0859-11S.VNRC__100_MSEED 
 54 VAVUN  S  -0.45  2  1  999.0  999.0  999.0  999.0 2008-06-01-0859-11S.VNRC__100_MSEED 
 54 VBUTM  P  -0.10  1  2  999.0  999.0  999.0  999.0 2008-06-01-0859-11S.VNRC__100_MSEED 
 54 VBUTM  S  -0.03  1  1  999.0  999.0  999.0  999.0 2008-06-01-0859-11S.VNRC__100_MSEED 
 54 VESPI  P -41.31  1  3  999.0  999.0  999.0  999.0 2008-06-01-0859-11S.VNRC__100_MSEED 
 54 VIRHO  P  -0.19  1  1  999.0  999.0  999.0  999.0 2008-06-01-0859-11S.VNRC__100_MSEED 
 54 VIRHO  S  -0.45  1  3  999.0  999.0  999.0  999.0 2008-06-01-0859-11S.VNRC__100_MSEED 
 54 VLEBE  P   0.04  1  1  999.0  999.0  999.0  999.0 2008-06-01-0859-11S.VNRC__100_MSEED 
 54 VLEBE  S  -0.22  1  1  999.0  999.0  999.0  999.0 2008-06-01-0859-11S.VNRC__100_MSEED 
 54 VPOTO  P  -0.25  1  2  999.0  999.0  999.0  999.0 2008-06-01-0859-11S.VNRC__100_MSEED 
 54 VSARA  P  -0.36  0  1  999.0  999.0  999.0  999.0 2008-06-01-0859-11S.VNRC__100_MSEED 
 54 VSARA  S   0.09  2  3  999.0  999.0  999.0  999.0 2008-06-01-0859-11S.VNRC__100_MSEED 
 54 VTURT  P  12.44  1  1  999.0  999.0  999.0  999.0 2008-06-01-0859-11S.VNRC__100_MSEED 
 56 VANGO  P  -0.23  0  0  999.0  999.0  999.0  999.0 2008-06-01-0921-22S.VNRC__100_MSEED 
 56 VASAV  P  -0.26  0  1  999.0  999.0  999.0  999.0 2008-06-01-0921-22S.VNRC__100_MSEED 
 56 VASAV  S  -0.17  2  3  999.0  999.0  999.0  999.0 2008-06-01-0921-22S.VNRC__100_MSEED 
 56 VAVUN  P  -0.35  0  2  999.0  999.0  999.0  999.0 2008-06-01-0921-22S.VNRC__100_MSEED 
 56 VAVUN  S  -0.08  2  3  999.0  999.0  999.0  999.0 2008-06-01-0921-22S.VNRC__100_MSEED 
 56 VBUTM  P  -0.46  0  0  999.0  999.0  999.0  999.0 2008-06-01-0921-22S.VNRC__100_MSEED 
 56 VEBEN  P  16.38  2  3  999.0  999.0  999.0  999.0 2008-06-01-0921-22S.VNRC__100_MSEED 
 56 VIRHO  P  -0.32  0  2  999.0  999.0  999.0  999.0 2008-06-01-0921-22S.VNRC__100_MSEED 
 56 VKOLH  P  -0.37  0  1  999.0  999.0  999.0  999.0 2008-06-01-0921-22S.VNRC__100_MSEED 
 56 VLEBE  P  -0.37  0  1  999.0  999.0  999.0  999.0 2008-06-01-0921-22S.VNRC__100_MSEED 
 56 VPOTO  P   0.03  0  1  999.0  999.0  999.0  999.0 2008-06-01-0921-22S.VNRC__100_MSEED 
 56 VSALE  P  -0.18  0  1  999.0  999.0  999.0  999.0 2008-06-01-0921-22S.VNRC__100_MSEED 
 56 VSARA  P  -0.36  0  1  999.0  999.0  999.0  999.0 2008-06-01-0921-22S.VNRC__100_MSEED 
 56 VSULE  P  -0.13  0  1  999.0  999.0  999.0  999.0 2008-06-01-0921-22S.VNRC__100_MSEED 
 56 VTAMB  P  43.87  0  2  999.0  999.0  999.0  999.0 2008-06-01-0921-22S.VNRC__100_MSEED 
 56 VTAMB  S   0.21  2  2  999.0  999.0  999.0  999.0 2008-06-01-0921-22S.VNRC__100_MSEED 
 56 VWUSI  P  -0.33  0  1  999.0  999.0  999.0  999.0 2008-06-01-0921-22S.VNRC__100_MSEED 
 57 VANGO  P  -0.28  0  1  999.0  999.0  999.0  999.0 2008-06-01-0933-06S.VNRC__100_MSEED 
 57 VAVUN  P   0.00  1  1  999.0  999.0  999.0  999.0 2008-06-01-0933-06S.VNRC__100_MSEED 
 57 VAVUN  S  -0.20  2  1  999.0  999.0  999.0  999.0 2008-06-01-0933-06S.VNRC__100_MSEED 
 57 VBUTM  P  -0.24  0  1  999.0  999.0  999.0  999.0 2008-06-01-0933-06S.VNRC__100_MSEED 
 57 VIRHO  P  -0.26  0  1  999.0  999.0  999.0  999.0 2008-06-01-0933-06S.VNRC__100_MSEED 
 57 VIRHO  S  -0.38  2  3  999.0  999.0  999.0  999.0 2008-06-01-0933-06S.VNRC__100_MSEED 
 57 VKOLH  P  -0.12  0  1  999.0  999.0  999.0  999.0 2008-06-01-0933-06S.VNRC__100_MSEED 
 57 VLEBE  P  -0.28  0  1  999.0  999.0  999.0  999.0 2008-06-01-0933-06S.VNRC__100_MSEED 
 57 VSARA  P  -0.26  0  1  999.0  999.0  999.0  999.0 2008-06-01-0933-06S.VNRC__100_MSEED 
 57 VTURT  P  -0.31  0  0  999.0  999.0  999.0  999.0 2008-06-01-0933-06S.VNRC__100_MSEED 
 57 VTURT  S   0.38  3  3  999.0  999.0  999.0  999.0 2008-06-01-0933-06S.VNRC__100_MSEED 
 62 VANGO  P   0.60  1  3  999.0  999.0  999.0  999.0 2008-06-01-1001-08S.VNRC__100_MSEED 
 62 VAVUN  P  16.57  2  2  999.0  999.0  999.0  999.0 2008-06-01-1001-08S.VNRC__100_MSEED 
 62 VBUTM  P   0.00  2  2  999.0  999.0  999.0  999.0 2008-06-01-1001-08S.VNRC__100_MSEED 
 62 VLEBE  S  -0.30  2  1  999.0  999.0  999.0  999.0 2008-06-01-1001-08S.VNRC__100_MSEED 
 62 VSARA  P   0.33  0  1  999.0  999.0  999.0  999.0 2008-06-01-1001-08S.VNRC__100_MSEED 
 62 VSARA  S  -0.18  2  1  999.0  999.0  999.0  999.0 2008-06-01-1001-08S.VNRC__100_MSEED 
 62 VSULE  P  -0.19  1  1  999.0  999.0  999.0  999.0 2008-06-01-1001-08S.VNRC__100_MSEED 
 63 VANGO  P  -0.29  0  0  999.0  999.0  999.0  999.0 2008-06-01-1027-35S.VNRC__100_MSEED 
 63 VASAV  P  -0.31  0  1  999.0  999.0  999.0  999.0 2008-06-01-1027-35S.VNRC__100_MSEED 
 63 VAVUN  P  -0.33  0  1  999.0  999.0  999.0  999.0 2008-06-01-1027-35S.VNRC__100_MSEED 
 63 VAVUN  S   0.96  3  3  999.0  999.0  999.0  999.0 2008-06-01-1027-35S.VNRC__100_MSEED 
 63 VBUTM  P  -0.25  0  1  999.0  999.0  999.0  999.0 2008-06-01-1027-35S.VNRC__100_MSEED 
 63 VBUTM  S   0.16  2  3  999.0  999.0  999.0  999.0 2008-06-01-1027-35S.VNRC__100_MSEED 
 63 VEBEN  P   0.22  2  1  999.0  999.0  999.0  999.0 2008-06-01-1027-35S.VNRC__100_MSEED 
 63 VESPI  P  -0.25  0  1  999.0  999.0  999.0  999.0 2008-06-01-1027-35S.VNRC__100_MSEED 
 63 VIRHO  P   0.02  0  3  999.0  999.0  999.0  999.0 2008-06-01-1027-35S.VNRC__100_MSEED 
 63 VKOLH  P  -0.21  0  2  999.0  999.0  999.0  999.0 2008-06-01-1027-35S.VNRC__100_MSEED 
 63 VKOLH  S   0.01  2  1  999.0  999.0  999.0  999.0 2008-06-01-1027-35S.VNRC__100_MSEED 
 63 VLEBE  P   0.15  0  1  999.0  999.0  999.0  999.0 2008-06-01-1027-35S.VNRC__100_MSEED 
 63 VNARW  P  -0.01  0  1  999.0  999.0  999.0  999.0 2008-06-01-1027-35S.VNRC__100_MSEED 
 63 VPOTO  P  -0.19  0  1  999.0  999.0  999.0  999.0 2008-06-01-1027-35S.VNRC__100_MSEED 
 63 VSARA  P  -0.22  0  1  999.0  999.0  999.0  999.0 2008-06-01-1027-35S.VNRC__100_MSEED 
 63 VSARA  S   0.25  2  2  999.0  999.0  999.0  999.0 2008-06-01-1027-35S.VNRC__100_MSEED 
 63 VTAMB  P   0.11  0  1  999.0  999.0  999.0  999.0 2008-06-01-1027-35S.VNRC__100_MSEED 
 63 VTURT  P  -0.40  0  2  999.0  999.0  999.0  999.0 2008-06-01-1027-35S.VNRC__100_MSEED 
 63 VTURT  S   0.35  2  3  999.0  999.0  999.0  999.0 2008-06-01-1027-35S.VNRC__100_MSEED 
 64 VBUTM  P  -0.22  1  1  999.0  999.0  999.0  999.0 2008-06-01-1034-15S.VNRC__100_MSEED 
 64 VSARA  P  -0.19  0  2  999.0  999.0  999.0  999.0 2008-06-01-1034-15S.VNRC__100_MSEED 
 65 VASAV  P  -0.28  1  2  999.0  999.0  999.0  999.0 2008-06-01-1036-42S.VNRC__100_MSEED 
 65 VASAV  S  -0.10  2  1  999.0  999.0  999.0  999.0 2008-06-01-1036-42S.VNRC__100_MSEED 
 65 VAVUN  P  -0.34  0  1  999.0  999.0  999.0  999.0 2008-06-01-1036-42S.VNRC__100_MSEED 
 65 VBUTM  P  -0.15  0  1  999.0  999.0  999.0  999.0 2008-06-01-1036-42S.VNRC__100_MSEED 
 65 VBUTM  S   0.83  3  3  999.0  999.0  999.0  999.0 2008-06-01-1036-42S.VNRC__100_MSEED 
 65 VEBEN  P  -0.28  0  1  999.0  999.0  999.0  999.0 2008-06-01-1036-42S.VNRC__100_MSEED 
 65 VESPI  P  -0.08  0  0  999.0  999.0  999.0  999.0 2008-06-01-1036-42S.VNRC__100_MSEED 
 65 VIRHO  P  -0.15  0  1  999.0  999.0  999.0  999.0 2008-06-01-1036-42S.VNRC__100_MSEED 
 65 VIRHO  S   0.06  2  2  999.0  999.0  999.0  999.0 2008-06-01-1036-42S.VNRC__100_MSEED 
 65 VKOLH  P  -0.17  0  2  999.0  999.0  999.0  999.0 2008-06-01-1036-42S.VNRC__100_MSEED 
 65 VKOLH  S  -0.19  2  2  999.0  999.0  999.0  999.0 2008-06-01-1036-42S.VNRC__100_MSEED 
 65 VLAKA  P  -0.02  0  0  999.0  999.0  999.0  999.0 2008-06-01-1036-42S.VNRC__100_MSEED 
 65 VLAKA  S  -0.13  2  1  999.0  999.0  999.0  999.0 2008-06-01-1036-42S.VNRC__100_MSEED 
 65 VLEVI  P   0.01  0  0  999.0  999.0  999.0  999.0 2008-06-01-1036-42S.VNRC__100_MSEED 
 65 VNARW  P  -0.20  0  0  999.0  999.0  999.0  999.0 2008-06-01-1036-42S.VNRC__100_MSEED 
 65 VPOTO  P  -0.18  0  1  999.0  999.0  999.0  999.0 2008-06-01-1036-42S.VNRC__100_MSEED 
 65 VSALE  P -12.62  2  1  999.0  999.0  999.0  999.0 2008-06-01-1036-42S.VNRC__100_MSEED 
 65 VSARA  S -17.51  1  1  999.0  999.0  999.0  999.0 2008-06-01-1036-42S.VNRC__100_MSEED 
 65 VTAMB  P  -0.13  0  2  999.0  999.0  999.0  999.0 2008-06-01-1036-42S.VNRC__100_MSEED 
 65 VTAMB  S  -0.66  2  1  999.0  999.0  999.0  999.0 2008-06-01-1036-42S.VNRC__100_MSEED 
 65 VTURT  P  -0.06  0  2  999.0  999.0  999.0  999.0 2008-06-01-1036-42S.VNRC__100_MSEED 
 65 VTURT  S  -0.34  3  1  999.0  999.0  999.0  999.0 2008-06-01-1036-42S.VNRC__100_MSEED 
 67 VAVUN  P  -0.03  1  1  999.0  999.0  999.0  999.0 2008-06-01-1043-24S.VNRC__100_MSEED 
 67 VBUTM  P  -0.28  1  0  999.0  999.0  999.0  999.0 2008-06-01-1043-24S.VNRC__100_MSEED 
 67 VIRHO  P  -0.25  0  0  999.0  999.0  999.0  999.0 2008-06-01-1043-24S.VNRC__100_MSEED 
 67 VKOLH  P  -0.28  0  0  999.0  999.0  999.0  999.0 2008-06-01-1043-24S.VNRC__100_MSEED 
 67 VLEBE  P  -0.13  0  2  999.0  999.0  999.0  999.0 2008-06-01-1043-24S.VNRC__100_MSEED 
 67 VSARA  P  -0.25  1  1  999.0  999.0  999.0  999.0 2008-06-01-1043-24S.VNRC__100_MSEED 
 67 VTURT  P  -0.10  1  1  999.0  999.0  999.0  999.0 2008-06-01-1043-24S.VNRC__100_MSEED 
 70 VBUTM  P -14.76  1  2  999.0  999.0  999.0  999.0 2008-06-01-1058-42S.VNRC__100_MSEED 
 70 VBUTM  S  59.94  3  1  999.0  999.0  999.0  999.0 2008-06-01-1058-42S.VNRC__100_MSEED 
 70 VKOLH  P   0.25  2  2  999.0  999.0  999.0  999.0 2008-06-01-1058-42S.VNRC__100_MSEED 
 70 VSARA  P  -0.13  1  1  999.0  999.0  999.0  999.0 2008-06-01-1058-42S.VNRC__100_MSEED 
 70 VSARA  S  -0.05  3  1  999.0  999.0  999.0  999.0 2008-06-01-1058-42S.VNRC__100_MSEED 
 71 VAVUN  P   0.16  2  1  999.0  999.0  999.0  999.0 2008-06-01-1104-57S.VNRC__100_MSEED 
 71 VBUTM  P  -0.34  1  1  999.0  999.0  999.0  999.0 2008-06-01-1104-57S.VNRC__100_MSEED 
 71 VBUTM  S   0.06  2  3  999.0  999.0  999.0  999.0 2008-06-01-1104-57S.VNRC__100_MSEED 
 71 VSARA  P  -0.14  1  2  999.0  999.0  999.0  999.0 2008-06-01-1104-57S.VNRC__100_MSEED 
 71 VSARA  S  -0.07  2  3  999.0  999.0  999.0  999.0 2008-06-01-1104-57S.VNRC__100_MSEED 
 71 VTAMB  S  48.07  3  2  999.0  999.0  999.0  999.0 2008-06-01-1104-57S.VNRC__100_MSEED 
 71 VTURT  P  -0.03  1  3  999.0  999.0  999.0  999.0 2008-06-01-1104-57S.VNRC__100_MSEED 
 71 VTURT  S  -0.10  3  3  999.0  999.0  999.0  999.0 2008-06-01-1104-57S.VNRC__100_MSEED 
 72 VLEBE  P  -0.24  2  2  999.0  999.0  999.0  999.0 2008-06-01-1106-42S.VNRC__100_MSEED 
 75 VANGO  P  -0.22  1  1  999.0  999.0  999.0  999.0 2008-06-01-1139-45S.VNRC__100_MSEED 
 75 VANGO  S   0.22  2  1  999.0  999.0  999.0  999.0 2008-06-01-1139-45S.VNRC__100_MSEED 
 75 VAVUN  P  -0.17  0  1  999.0  999.0  999.0  999.0 2008-06-01-1139-45S.VNRC__100_MSEED 
 75 VBUTM  P  11.84  1  1  999.0  999.0  999.0  999.0 2008-06-01-1139-45S.VNRC__100_MSEED 
 75 VESPI  P  17.60  2  2  999.0  999.0  999.0  999.0 2008-06-01-1139-45S.VNRC__100_MSEED 
 75 VIRHO  P  -0.18  0  1  999.0  999.0  999.0  999.0 2008-06-01-1139-45S.VNRC__100_MSEED 
 75 VIRHO  S  -0.10  2  2  999.0  999.0  999.0  999.0 2008-06-01-1139-45S.VNRC__100_MSEED 
 75 VKOLH  P  -0.14  1  1  999.0  999.0  999.0  999.0 2008-06-01-1139-45S.VNRC__100_MSEED 
 75 VKOLH  S  -0.17  2  2  999.0  999.0  999.0  999.0 2008-06-01-1139-45S.VNRC__100_MSEED 
 75 VLEBE  P  -0.17  2  1  999.0  999.0  999.0  999.0 2008-06-01-1139-45S.VNRC__100_MSEED 
 75 VLEBE  S   0.03  2  2  999.0  999.0  999.0  999.0 2008-06-01-1139-45S.VNRC__100_MSEED 
 75 VSARA  P   0.29  2  2  999.0  999.0  999.0  999.0 2008-06-01-1139-45S.VNRC__100_MSEED 
 75 VSULE  P  -0.12  2  2  999.0  999.0  999.0  999.0 2008-06-01-1139-45S.VNRC__100_MSEED 
 75 VTAMB  P  12.68  1  1  999.0  999.0  999.0  999.0 2008-06-01-1139-45S.VNRC__100_MSEED 
 75 VTURT  P  -0.24  0  2  999.0  999.0  999.0  999.0 2008-06-01-1139-45S.VNRC__100_MSEED 
 75 VWUSI  P  -0.12  1  1  999.0  999.0  999.0  999.0 2008-06-01-1139-45S.VNRC__100_MSEED 
 77 VASAV  P  -0.03  1  1  999.0  999.0  999.0  999.0 2008-06-01-1149-03S.VNRC__100_MSEED 
 77 VASAV  S  -0.03  2  2  999.0  999.0  999.0  999.0 2008-06-01-1149-03S.VNRC__100_MSEED 
 77 VAVUN  P  -0.22  0  1  999.0  999.0  999.0  999.0 2008-06-01-1149-03S.VNRC__100_MSEED 
 77 VBUTM  P   5.06  2  2  999.0  999.0  999.0  999.0 2008-06-01-1149-03S.VNRC__100_MSEED 
 77 VESPI  P  -0.21  0  1  999.0  999.0  999.0  999.0 2008-06-01-1149-03S.VNRC__100_MSEED 
 77 VIRHO  P  -0.24  0  1  999.0  999.0  999.0  999.0 2008-06-01-1149-03S.VNRC__100_MSEED 
 77 VLAKA  P  -0.23  0  1  999.0  999.0  999.0  999.0 2008-06-01-1149-03S.VNRC__100_MSEED 
 77 VLAKA  S  -0.35  3  3  999.0  999.0  999.0  999.0 2008-06-01-1149-03S.VNRC__100_MSEED 
 77 VLEVI  P  -0.26  0  1  999.0  999.0  999.0  999.0 2008-06-01-1149-03S.VNRC__100_MSEED 
 77 VNARW  P  -0.41  0  1  999.0  999.0  999.0  999.0 2008-06-01-1149-03S.VNRC__100_MSEED 
 77 VPOTO  P  -0.19  0  0  999.0  999.0  999.0  999.0 2008-06-01-1149-03S.VNRC__100_MSEED 
 77 VPOTO  S   0.19  2  2  999.0  999.0  999.0  999.0 2008-06-01-1149-03S.VNRC__100_MSEED 
 77 VSARA  P  -0.33  1  2  999.0  999.0  999.0  999.0 2008-06-01-1149-03S.VNRC__100_MSEED 
 77 VTURT  P   0.12  1  1  999.0  999.0  999.0  999.0 2008-06-01-1149-03S.VNRC__100_MSEED 
 78 VANGO  P  -0.24  1  1  999.0  999.0  999.0  999.0 2008-06-01-1153-32S.VNRC__100_MSEED 
 78 VAVUN  S   0.63  2  3  999.0  999.0  999.0  999.0 2008-06-01-1153-32S.VNRC__100_MSEED 
 78 VBUTM  P   0.32  0  2  999.0  999.0  999.0  999.0 2008-06-01-1153-32S.VNRC__100_MSEED 
 78 VBUTM  S   0.18  2  3  999.0  999.0  999.0  999.0 2008-06-01-1153-32S.VNRC__100_MSEED 
 78 VKOLH  P  -0.05  2  2  999.0  999.0  999.0  999.0 2008-06-01-1153-32S.VNRC__100_MSEED 
 78 VKOLH  S   0.15  2  2  999.0  999.0  999.0  999.0 2008-06-01-1153-32S.VNRC__100_MSEED 
 78 VSARA  P  -0.35  1  1  999.0  999.0  999.0  999.0 2008-06-01-1153-32S.VNRC__100_MSEED 
 78 VSARA  S   0.17  3  1  999.0  999.0  999.0  999.0 2008-06-01-1153-32S.VNRC__100_MSEED 
 78 VTURT  S  -0.24  2  2  999.0  999.0  999.0  999.0 2008-06-01-1153-32S.VNRC__100_MSEED 
 80 VESPI  P   0.31  0  2  999.0  999.0  999.0  999.0 2008-06-01-1202-46S.VNRC__100_MSEED 
 80 VSULE  P  -0.15  1  1  999.0  999.0  999.0  999.0 2008-06-01-1202-46S.VNRC__100_MSEED 
 82 VANGO  P  -0.33  1  1  999.0  999.0  999.0  999.0 2008-06-01-1211-21S.VNRC__100_MSEED 
 82 VAVUN  P  16.52  2  1  999.0  999.0  999.0  999.0 2008-06-01-1211-21S.VNRC__100_MSEED 
 82 VLEBE  P  16.78  1  1  999.0  999.0  999.0  999.0 2008-06-01-1211-21S.VNRC__100_MSEED 
 82 VTURT  P  -0.14  1  1  999.0  999.0  999.0  999.0 2008-06-01-1211-21S.VNRC__100_MSEED 
 83 VANGO  P  -0.28  2  1  999.0  999.0  999.0  999.0 2008-06-01-1212-32S.VNRC__100_MSEED 
 83 VAVUN  P  -0.35  0  0  999.0  999.0  999.0  999.0 2008-06-01-1212-32S.VNRC__100_MSEED 
 83 VBUTM  P  25.75  0  2  999.0  999.0  999.0  999.0 2008-06-01-1212-32S.VNRC__100_MSEED 
 83 VEBEN  P  -0.22  2  1  999.0  999.0  999.0  999.0 2008-06-01-1212-32S.VNRC__100_MSEED 
 83 VIRHO  P   5.54  1  1  999.0  999.0  999.0  999.0 2008-06-01-1212-32S.VNRC__100_MSEED 
 83 VLEBE  P   0.03  1  1  999.0  999.0  999.0  999.0 2008-06-01-1212-32S.VNRC__100_MSEED 
 83 VSULE  P  28.31  0  2  999.0  999.0  999.0  999.0 2008-06-01-1212-32S.VNRC__100_MSEED 
 83 VTAMB  P   4.55  1  1  999.0  999.0  999.0  999.0 2008-06-01-1212-32S.VNRC__100_MSEED 
 83 VTURT  P  -0.27  0  0  999.0  999.0  999.0  999.0 2008-06-01-1212-32S.VNRC__100_MSEED 
 84 VANGO  P  -0.12  0  0  999.0  999.0  999.0  999.0 2008-06-01-1213-59S.VNRC__100_MSEED 
 84 VASAV  P  -0.37  0  0  999.0  999.0  999.0  999.0 2008-06-01-1213-59S.VNRC__100_MSEED 
 84 VASAV  S  -0.30  2  3  999.0  999.0  999.0  999.0 2008-06-01-1213-59S.VNRC__100_MSEED 
 84 VAVUN  P  -0.36  0  0  999.0  999.0  999.0  999.0 2008-06-01-1213-59S.VNRC__100_MSEED 
 84 VAVUN  S  -0.15  1  3  999.0  999.0  999.0  999.0 2008-06-01-1213-59S.VNRC__100_MSEED 
 84 VBUTM  P  -0.12  0  0  999.0  999.0  999.0  999.0 2008-06-01-1213-59S.VNRC__100_MSEED 
 84 VBUTM  S  -0.21  2  3  999.0  999.0  999.0  999.0 2008-06-01-1213-59S.VNRC__100_MSEED 
 84 VEBEN  P   0.03  0  0  999.0  999.0  999.0  999.0 2008-06-01-1213-59S.VNRC__100_MSEED 
 84 VESPI  P  -0.27  0  1  999.0  999.0  999.0  999.0 2008-06-01-1213-59S.VNRC__100_MSEED 
 84 VIRHO  P  -0.26  0  0  999.0  999.0  999.0  999.0 2008-06-01-1213-59S.VNRC__100_MSEED 
 84 VKOLH  P  -0.36  0  1  999.0  999.0  999.0  999.0 2008-06-01-1213-59S.VNRC__100_MSEED 
 84 VKOLH  S  -0.28  1  1  999.0  999.0  999.0  999.0 2008-06-01-1213-59S.VNRC__100_MSEED 
 84 VLAKA  P   0.04  0  1  999.0  999.0  999.0  999.0 2008-06-01-1213-59S.VNRC__100_MSEED 
 84 VLAKA  S   1.34  3  3  999.0  999.0  999.0  999.0 2008-06-01-1213-59S.VNRC__100_MSEED 
 84 VLEBE  P  -0.07  0  1  999.0  999.0  999.0  999.0 2008-06-01-1213-59S.VNRC__100_MSEED 
 84 VLEVI  P  -0.06  0  1  999.0  999.0  999.0  999.0 2008-06-01-1213-59S.VNRC__100_MSEED 
 84 VNARW  P  -0.33  0  0  999.0  999.0  999.0  999.0 2008-06-01-1213-59S.VNRC__100_MSEED 
 84 VNARW  S   0.89  3  2  999.0  999.0  999.0  999.0 2008-06-01-1213-59S.VNRC__100_MSEED 
 84 VPOTO  P  -0.38  0  0  999.0  999.0  999.0  999.0 2008-06-01-1213-59S.VNRC__100_MSEED 
 84 VSALE  P  -0.12  0  1  999.0  999.0  999.0  999.0 2008-06-01-1213-59S.VNRC__100_MSEED 
 84 VSARA  P  -0.21  0  1  999.0  999.0  999.0  999.0 2008-06-01-1213-59S.VNRC__100_MSEED 
 84 VSARA  S  -0.12  2  3  999.0  999.0  999.0  999.0 2008-06-01-1213-59S.VNRC__100_MSEED 
 84 VSULE  P  -0.14  0  1  999.0  999.0  999.0  999.0 2008-06-01-1213-59S.VNRC__100_MSEED 
 84 VTAMB  P  -0.23  0  1  999.0  999.0  999.0  999.0 2008-06-01-1213-59S.VNRC__100_MSEED 
 84 VTURT  P  -0.46  0  1  999.0  999.0  999.0  999.0 2008-06-01-1213-59S.VNRC__100_MSEED 
 84 VWUSI  P   0.02  0  2  999.0  999.0  999.0  999.0 2008-06-01-1213-59S.VNRC__100_MSEED 
 85 VAVUN  P  -0.25  1  1  999.0  999.0  999.0  999.0 2008-06-01-1216-14S.VNRC__100_MSEED 
 85 VIRHO  P  -0.13  2  1  999.0  999.0  999.0  999.0 2008-06-01-1216-14S.VNRC__100_MSEED 
 85 VIRHO  S  -0.29  2  2  999.0  999.0  999.0  999.0 2008-06-01-1216-14S.VNRC__100_MSEED 
 85 VSALE  P  -0.39  2  0  999.0  999.0  999.0  999.0 2008-06-01-1216-14S.VNRC__100_MSEED 
 85 VSULE  P  -0.32  0  1  999.0  999.0  999.0  999.0 2008-06-01-1216-14S.VNRC__100_MSEED 
 85 VTURT  P  -0.32  1  0  999.0  999.0  999.0  999.0 2008-06-01-1216-14S.VNRC__100_MSEED 
 85 VTURT  S  -0.13  2  2  999.0  999.0  999.0  999.0 2008-06-01-1216-14S.VNRC__100_MSEED 
 85 VWUSI  P  -0.25  1  1  999.0  999.0  999.0  999.0 2008-06-01-1216-14S.VNRC__100_MSEED 
 86 VANGO  P  -0.34  0  0  999.0  999.0  999.0  999.0 2008-06-01-1226-00S.VNRC__100_MSEED 
 86 VAVUN  P  -0.35  0  0  999.0  999.0  999.0  999.0 2008-06-01-1226-00S.VNRC__100_MSEED 
 86 VBUTM  P  -0.35  0  0  999.0  999.0  999.0  999.0 2008-06-01-1226-00S.VNRC__100_MSEED 
 86 VEBEN  P  -0.37  1  0  999.0  999.0  999.0  999.0 2008-06-01-1226-00S.VNRC__100_MSEED 
 86 VIRHO  P  -0.34  0  0  999.0  999.0  999.0  999.0 2008-06-01-1226-00S.VNRC__100_MSEED 
 86 VLEBE  P  -0.31  1  0  999.0  999.0  999.0  999.0 2008-06-01-1226-00S.VNRC__100_MSEED 
 86 VLEBE  S  -0.34  2  2  999.0  999.0  999.0  999.0 2008-06-01-1226-00S.VNRC__100_MSEED 
 86 VSALE  P  -0.27  1  1  999.0  999.0  999.0  999.0 2008-06-01-1226-00S.VNRC__100_MSEED 
 86 VSULE  P  -0.18  2  2  999.0  999.0  999.0  999.0 2008-06-01-1226-00S.VNRC__100_MSEED 
 86 VTAMB  P  -0.39  0  0  999.0  999.0  999.0  999.0 2008-06-01-1226-00S.VNRC__100_MSEED 
 86 VTURT  P  -0.37  0  1  999.0  999.0  999.0  999.0 2008-06-01-1226-00S.VNRC__100_MSEED 
 89 VBUTM  P  14.88  2  2  999.0  999.0  999.0  999.0 2008-06-01-1242-13S.VNRC__100_MSEED 
 90 VBUTM  P  -0.17  1  3  999.0  999.0  999.0  999.0 2008-06-01-1250-15S.VNRC__100_MSEED 
 90 VSARA  P  -0.19  1  1  999.0  999.0  999.0  999.0 2008-06-01-1250-15S.VNRC__100_MSEED 
 91 VANGO  P  -0.25  0  0  999.0  999.0  999.0  999.0 2008-06-01-1251-52S.VNRC__100_MSEED 
 91 VANGO  S  -0.89  2  2  999.0  999.0  999.0  999.0 2008-06-01-1251-52S.VNRC__100_MSEED 
 91 VASAV  P  16.67  1  1  999.0  999.0  999.0  999.0 2008-06-01-1251-52S.VNRC__100_MSEED 
 91 VAVUN  P  -0.03  1  2  999.0  999.0  999.0  999.0 2008-06-01-1251-52S.VNRC__100_MSEED 
 91 VAVUN  S  -0.22  1  2  999.0  999.0  999.0  999.0 2008-06-01-1251-52S.VNRC__100_MSEED 
 91 VBUTM  P  -0.16  0  1  999.0  999.0  999.0  999.0 2008-06-01-1251-52S.VNRC__100_MSEED 
 91 VBUTM  S  -0.22  1  1  999.0  999.0  999.0  999.0 2008-06-01-1251-52S.VNRC__100_MSEED 
 91 VIRHO  P   0.03  0  1  999.0  999.0  999.0  999.0 2008-06-01-1251-52S.VNRC__100_MSEED 
 91 VIRHO  S  -0.52  2  2  999.0  999.0  999.0  999.0 2008-06-01-1251-52S.VNRC__100_MSEED 
 91 VKOLH  P   0.00  1  1  999.0  999.0  999.0  999.0 2008-06-01-1251-52S.VNRC__100_MSEED 
 91 VKOLH  S  -0.22  2  2  999.0  999.0  999.0  999.0 2008-06-01-1251-52S.VNRC__100_MSEED 
 91 VLEBE  P  -0.02  1  1  999.0  999.0  999.0  999.0 2008-06-01-1251-52S.VNRC__100_MSEED 
 91 VNARW  P  -0.04  1  1  999.0  999.0  999.0  999.0 2008-06-01-1251-52S.VNRC__100_MSEED 
 91 VSARA  P  -0.17  0  0  999.0  999.0  999.0  999.0 2008-06-01-1251-52S.VNRC__100_MSEED 
 91 VSARA  S   0.01  2  2  999.0  999.0  999.0  999.0 2008-06-01-1251-52S.VNRC__100_MSEED 
 91 VTURT  P  -0.29  0  1  999.0  999.0  999.0  999.0 2008-06-01-1251-52S.VNRC__100_MSEED 
 91 VTURT  S  -0.39  1  2  999.0  999.0  999.0  999.0 2008-06-01-1251-52S.VNRC__100_MSEED 
 91 VWUSI  P  -0.25  1  2  999.0  999.0  999.0  999.0 2008-06-01-1251-52S.VNRC__100_MSEED 
 92 VNARW  P   7.20  1  1  999.0  999.0  999.0  999.0 2008-06-01-1259-26S.VNRC__100_MSEED 
 94 VESPI  P  -0.02  0  1  999.0  999.0  999.0  999.0 2008-06-01-1310-47S.VNRC__100_MSEED 
 94 VIRHO  P   0.78  2  2  999.0  999.0  999.0  999.0 2008-06-01-1310-47S.VNRC__100_MSEED 
 94 VNARW  P  -0.03  1  1  999.0  999.0  999.0  999.0 2008-06-01-1310-47S.VNRC__100_MSEED 
 96 VBUTM  P  14.01  1  2  999.0  999.0  999.0  999.0 2008-06-01-1319-51S.VNRC__100_MSEED 
 96 VLEBE  P  14.21  2  3  999.0  999.0  999.0  999.0 2008-06-01-1319-51S.VNRC__100_MSEED 
 96 VSARA  P   0.19  2  2  999.0  999.0  999.0  999.0 2008-06-01-1319-51S.VNRC__100_MSEED 
 96 VSARA  S   0.08  2  3  999.0  999.0  999.0  999.0 2008-06-01-1319-51S.VNRC__100_MSEED 
 97 VASAV  P  -0.29  0  1  999.0  999.0  999.0  999.0 2008-06-01-1342-56S.VNRC__100_MSEED 
 97 VAVUN  P  -0.15  0  1  999.0  999.0  999.0  999.0 2008-06-01-1342-56S.VNRC__100_MSEED 
 97 VBUTM  P  -0.32  0  1  999.0  999.0  999.0  999.0 2008-06-01-1342-56S.VNRC__100_MSEED 
 97 VBUTM  S  -0.05  2  3  999.0  999.0  999.0  999.0 2008-06-01-1342-56S.VNRC__100_MSEED 
 97 VESPI  P  -0.36  0  1  999.0  999.0  999.0  999.0 2008-06-01-1342-56S.VNRC__100_MSEED 
 97 VIRHO  P  -0.25  0  1  999.0  999.0  999.0  999.0 2008-06-01-1342-56S.VNRC__100_MSEED 
 97 VIRHO  S   0.07  3  2  999.0  999.0  999.0  999.0 2008-06-01-1342-56S.VNRC__100_MSEED 
 97 VNARW  P  -0.33  0  0  999.0  999.0  999.0  999.0 2008-06-01-1342-56S.VNRC__100_MSEED 
 97 VNARW  S  -0.13  2  3  999.0  999.0  999.0  999.0 2008-06-01-1342-56S.VNRC__100_MSEED 
 97 VPOTO  P  -0.30  0  0  999.0  999.0  999.0  999.0 2008-06-01-1342-56S.VNRC__100_MSEED 
 97 VSARA  P  -0.27  0  1  999.0  999.0  999.0  999.0 2008-06-01-1342-56S.VNRC__100_MSEED 
 97 VSARA  S   0.12  3  3  999.0  999.0  999.0  999.0 2008-06-01-1342-56S.VNRC__100_MSEED 
 97 VTURT  P   0.12  0  1  999.0  999.0  999.0  999.0 2008-06-01-1342-56S.VNRC__100_MSEED 
 98 VANGO  P   0.33  0  3  999.0  999.0  999.0  999.0 2008-06-01-1406-28S.VNRC__100_MSEED 
 98 VASAV  P  -0.37  0  1  999.0  999.0  999.0  999.0 2008-06-01-1406-28S.VNRC__100_MSEED 
 98 VASAV  S  59.51  2  1  999.0  999.0  999.0  999.0 2008-06-01-1406-28S.VNRC__100_MSEED 
 98 VAVUN  P  -0.39  0  1  999.0  999.0  999.0  999.0 2008-06-01-1406-28S.VNRC__100_MSEED 
 98 VAVUN  S  -0.42  2  2  999.0  999.0  999.0  999.0 2008-06-01-1406-28S.VNRC__100_MSEED 
 98 VBUTM  P  -0.29  0  1  999.0  999.0  999.0  999.0 2008-06-01-1406-28S.VNRC__100_MSEED 
 98 VBUTM  S  -0.32  2  2  999.0  999.0  999.0  999.0 2008-06-01-1406-28S.VNRC__100_MSEED 
 98 VEBEN  P   0.24  2  2  999.0  999.0  999.0  999.0 2008-06-01-1406-28S.VNRC__100_MSEED 
 98 VKOLH  P  -0.26  0  1  999.0  999.0  999.0  999.0 2008-06-01-1406-28S.VNRC__100_MSEED 
 98 VKOLH  S  -0.22  3  3  999.0  999.0  999.0  999.0 2008-06-01-1406-28S.VNRC__100_MSEED 
 98 VLEBE  P  -0.12  1  1  999.0  999.0  999.0  999.0 2008-06-01-1406-28S.VNRC__100_MSEED 
 98 VLEBE  S   0.68  2  3  999.0  999.0  999.0  999.0 2008-06-01-1406-28S.VNRC__100_MSEED 
 98 VSARA  S   0.33  2  2  999.0  999.0  999.0  999.0 2008-06-01-1406-28S.VNRC__100_MSEED 
 98 VTAMB  P  -0.20  0  1  999.0  999.0  999.0  999.0 2008-06-01-1406-28S.VNRC__100_MSEED 
 98 VTAMB  S  -0.17  1  2  999.0  999.0  999.0  999.0 2008-06-01-1406-28S.VNRC__100_MSEED 
 99 VANGO  P  -0.19  1  1  999.0  999.0  999.0  999.0 2008-06-01-1413-28S.VNRC__100_MSEED 
 99 VANGO  S   0.50  2  1  999.0  999.0  999.0  999.0 2008-06-01-1413-28S.VNRC__100_MSEED 
 99 VAVUN  P  -0.14  0  1  999.0  999.0  999.0  999.0 2008-06-01-1413-28S.VNRC__100_MSEED 
 99 VAVUN  S   0.28  3  1  999.0  999.0  999.0  999.0 2008-06-01-1413-28S.VNRC__100_MSEED 
 99 VBUTM  P   0.46  0  2  999.0  999.0  999.0  999.0 2008-06-01-1413-28S.VNRC__100_MSEED 
 99 VBUTM  S  -0.07  1  2  999.0  999.0  999.0  999.0 2008-06-01-1413-28S.VNRC__100_MSEED 
 99 VESPI  P   0.03  2  1  999.0  999.0  999.0  999.0 2008-06-01-1413-28S.VNRC__100_MSEED 
 99 VIRHO  P   0.83  1  2  999.0  999.0  999.0  999.0 2008-06-01-1413-28S.VNRC__100_MSEED 
 99 VIRHO  S  -0.27  3  2  999.0  999.0  999.0  999.0 2008-06-01-1413-28S.VNRC__100_MSEED 
 99 VKOLH  P   0.11  1  2  999.0  999.0  999.0  999.0 2008-06-01-1413-28S.VNRC__100_MSEED 
 99 VLEBE  P  16.95  1  3  999.0  999.0  999.0  999.0 2008-06-01-1413-28S.VNRC__100_MSEED 
 99 VLEBE  S  39.97  2  1  999.0  999.0  999.0  999.0 2008-06-01-1413-28S.VNRC__100_MSEED 
 99 VNARW  P  15.90  1  3  999.0  999.0  999.0  999.0 2008-06-01-1413-28S.VNRC__100_MSEED 
 99 VPOTO  P  -0.06  1  1  999.0  999.0  999.0  999.0 2008-06-01-1413-28S.VNRC__100_MSEED 
 99 VPOTO  S   0.23  3  2  999.0  999.0  999.0  999.0 2008-06-01-1413-28S.VNRC__100_MSEED 
 99 VSARA  S  -0.06  2  3  999.0  999.0  999.0  999.0 2008-06-01-1413-28S.VNRC__100_MSEED 
 99 VTURT  S  -0.19  2  3  999.0  999.0  999.0  999.0 2008-06-01-1413-28S.VNRC__100_MSEED 
100 VANGO  P   0.43  0  2  999.0  999.0  999.0  999.0 2008-06-01-1418-22S.VNRC__100_MSEED 
100 VASAV  P  -0.15  0  1  999.0  999.0  999.0  999.0 2008-06-01-1418-22S.VNRC__100_MSEED 
100 VAVUN  P  -0.22  0  1  999.0  999.0  999.0  999.0 2008-06-01-1418-22S.VNRC__100_MSEED 
100 VAVUN  S  -0.73  2  3  999.0  999.0  999.0  999.0 2008-06-01-1418-22S.VNRC__100_MSEED 
100 VBUTM  P  -0.23  0  0  999.0  999.0  999.0  999.0 2008-06-01-1418-22S.VNRC__100_MSEED 
100 VEBEN  P  -0.20  1  1  999.0  999.0  999.0  999.0 2008-06-01-1418-22S.VNRC__100_MSEED 
100 VESPI  P  -0.20  0  1  999.0  999.0  999.0  999.0 2008-06-01-1418-22S.VNRC__100_MSEED 
100 VIRHO  P  -0.31  0  1  999.0  999.0  999.0  999.0 2008-06-01-1418-22S.VNRC__100_MSEED 
100 VIRHO  S   0.13  2  2  999.0  999.0  999.0  999.0 2008-06-01-1418-22S.VNRC__100_MSEED 
100 VKOLH  P  -0.15  0  1  999.0  999.0  999.0  999.0 2008-06-01-1418-22S.VNRC__100_MSEED 
100 VLAKA  P  -0.21  0  1  999.0  999.0  999.0  999.0 2008-06-01-1418-22S.VNRC__100_MSEED 
100 VLEBE  P  -0.22  0  1  999.0  999.0  999.0  999.0 2008-06-01-1418-22S.VNRC__100_MSEED 
100 VLEVI  P  -0.12  0  1  999.0  999.0  999.0  999.0 2008-06-01-1418-22S.VNRC__100_MSEED 
100 VNARW  P  -0.06  0  1  999.0  999.0  999.0  999.0 2008-06-01-1418-22S.VNRC__100_MSEED 
100 VPOTO  P  -0.03  0  1  999.0  999.0  999.0  999.0 2008-06-01-1418-22S.VNRC__100_MSEED 
100 VSALE  P  -0.21  1  0  999.0  999.0  999.0  999.0 2008-06-01-1418-22S.VNRC__100_MSEED 
100 VSARA  P  -0.23  0  0  999.0  999.0  999.0  999.0 2008-06-01-1418-22S.VNRC__100_MSEED 
100 VSARA  S   0.32  3  2  999.0  999.0  999.0  999.0 2008-06-01-1418-22S.VNRC__100_MSEED 
100 VSULE  P  -0.17  0  2  999.0  999.0  999.0  999.0 2008-06-01-1418-22S.VNRC__100_MSEED 
100 VTAMB  P  -0.10  0  0  999.0  999.0  999.0  999.0 2008-06-01-1418-22S.VNRC__100_MSEED 
100 VTAMB  S  -0.66  2  2  999.0  999.0  999.0  999.0 2008-06-01-1418-22S.VNRC__100_MSEED 
100 VTURT  P  -0.30  0  1  999.0  999.0  999.0  999.0 2008-06-01-1418-22S.VNRC__100_MSEED 
100 VWUSI  P   0.00  1  1  999.0  999.0  999.0  999.0 2008-06-01-1418-22S.VNRC__100_MSEED 
102 VANGO  P   0.40  2  1  999.0  999.0  999.0  999.0 2008-06-01-1426-06S.VNRC__100_MSEED 
102 VAVUN  P   0.16  2  1  999.0  999.0  999.0  999.0 2008-06-01-1426-06S.VNRC__100_MSEED 
102 VAVUN  S  -0.15  2  2  999.0  999.0  999.0  999.0 2008-06-01-1426-06S.VNRC__100_MSEED 
102 VBUTM  P  -0.28  0  1  999.0  999.0  999.0  999.0 2008-06-01-1426-06S.VNRC__100_MSEED 
102 VBUTM  S  -0.26  2  1  999.0  999.0  999.0  999.0 2008-06-01-1426-06S.VNRC__100_MSEED 
102 VKOLH  P  -0.07  1  1  999.0  999.0  999.0  999.0 2008-06-01-1426-06S.VNRC__100_MSEED 
102 VKOLH  S  46.58  3  1  999.0  999.0  999.0  999.0 2008-06-01-1426-06S.VNRC__100_MSEED 
102 VSARA  P  -0.34  0  1  999.0  999.0  999.0  999.0 2008-06-01-1426-06S.VNRC__100_MSEED 
102 VSARA  S  -0.10  3  2  999.0  999.0  999.0  999.0 2008-06-01-1426-06S.VNRC__100_MSEED 
102 VTAMB  P  12.40  1  1  999.0  999.0  999.0  999.0 2008-06-01-1426-06S.VNRC__100_MSEED 
102 VTURT  P  -0.22  0  2  999.0  999.0  999.0  999.0 2008-06-01-1426-06S.VNRC__100_MSEED 
106 VAVUN  P  -0.08  1  1  999.0  999.0  999.0  999.0 2008-06-01-1433-52S.VNRC__100_MSEED 
106 VAVUN  S  -0.41  2  3  999.0  999.0  999.0  999.0 2008-06-01-1433-52S.VNRC__100_MSEED 
106 VLAKA  P   0.27  2  1  999.0  999.0  999.0  999.0 2008-06-01-1433-52S.VNRC__100_MSEED 
107 VANGO  P -12.09  2  1  999.0  999.0  999.0  999.0 2008-06-01-1438-46S.VNRC__100_MSEED 
107 VAVUN  P  -0.18  2  1  999.0  999.0  999.0  999.0 2008-06-01-1438-46S.VNRC__100_MSEED 
107 VAVUN  S  -0.28  2  2  999.0  999.0  999.0  999.0 2008-06-01-1438-46S.VNRC__100_MSEED 
107 VBUTM  P  -0.33  0  2  999.0  999.0  999.0  999.0 2008-06-01-1438-46S.VNRC__100_MSEED 
107 VBUTM  S   0.09  2  1  999.0  999.0  999.0  999.0 2008-06-01-1438-46S.VNRC__100_MSEED 
107 VIRHO  P  -0.26  1  1  999.0  999.0  999.0  999.0 2008-06-01-1438-46S.VNRC__100_MSEED 
107 VKOLH  P  -0.05  1  1  999.0  999.0  999.0  999.0 2008-06-01-1438-46S.VNRC__100_MSEED 
107 VKOLH  S  -0.14  2  3  999.0  999.0  999.0  999.0 2008-06-01-1438-46S.VNRC__100_MSEED 
107 VLEBE  P  19.69  1  1  999.0  999.0  999.0  999.0 2008-06-01-1438-46S.VNRC__100_MSEED 
107 VSARA  P  -0.29  0  1  999.0  999.0  999.0  999.0 2008-06-01-1438-46S.VNRC__100_MSEED 
107 VTURT  P  18.47  1  3  999.0  999.0  999.0  999.0 2008-06-01-1438-46S.VNRC__100_MSEED 
107 VWUSI  P  20.32  1  1  999.0  999.0  999.0  999.0 2008-06-01-1438-46S.VNRC__100_MSEED 
108 VAVUN  P  12.41  1  2  999.0  999.0  999.0  999.0 2008-06-01-1442-14S.VNRC__100_MSEED 
108 VBUTM  P   0.10  0  1  999.0  999.0  999.0  999.0 2008-06-01-1442-14S.VNRC__100_MSEED 
108 VBUTM  S   0.03  3  1  999.0  999.0  999.0  999.0 2008-06-01-1442-14S.VNRC__100_MSEED 
108 VESPI  P  -8.92  2  2  999.0  999.0  999.0  999.0 2008-06-01-1442-14S.VNRC__100_MSEED 
108 VIRHO  P   0.24  1  1  999.0  999.0  999.0  999.0 2008-06-01-1442-14S.VNRC__100_MSEED 
108 VIRHO  S   0.03  2  1  999.0  999.0  999.0  999.0 2008-06-01-1442-14S.VNRC__100_MSEED 
108 VLAKA  P   0.37  2  1  999.0  999.0  999.0  999.0 2008-06-01-1442-14S.VNRC__100_MSEED 
108 VLAKA  S  -0.17  2  2  999.0  999.0  999.0  999.0 2008-06-01-1442-14S.VNRC__100_MSEED 
109 VANGO  P  16.43  0  1  999.0  999.0  999.0  999.0 2008-06-01-1444-16S.VNRC__100_MSEED 
109 VBUTM  P  -0.19  0  1  999.0  999.0  999.0  999.0 2008-06-01-1444-16S.VNRC__100_MSEED 
109 VBUTM  S  -0.28  2  1  999.0  999.0  999.0  999.0 2008-06-01-1444-16S.VNRC__100_MSEED 
109 VSARA  P  -0.14  0  0  999.0  999.0  999.0  999.0 2008-06-01-1444-16S.VNRC__100_MSEED 
109 VSARA  S   0.39  2  2  999.0  999.0  999.0  999.0 2008-06-01-1444-16S.VNRC__100_MSEED 
109 VTURT  P   0.08  1  1  999.0  999.0  999.0  999.0 2008-06-01-1444-16S.VNRC__100_MSEED 
110 VANGO  S  -0.18  2  2  999.0  999.0  999.0  999.0 2008-06-01-1450-44S.VNRC__100_MSEED 
110 VAVUN  P   0.44  2  2  999.0  999.0  999.0  999.0 2008-06-01-1450-44S.VNRC__100_MSEED 
110 VBUTM  P  -0.06  1  2  999.0  999.0  999.0  999.0 2008-06-01-1450-44S.VNRC__100_MSEED 
110 VBUTM  S  -0.06  3  2  999.0  999.0  999.0  999.0 2008-06-01-1450-44S.VNRC__100_MSEED 
110 VKOLH  P  14.11  2  3  999.0  999.0  999.0  999.0 2008-06-01-1450-44S.VNRC__100_MSEED 
110 VSARA  P  -0.28  0  2  999.0  999.0  999.0  999.0 2008-06-01-1450-44S.VNRC__100_MSEED 
110 VSARA  S   0.53  3  3  999.0  999.0  999.0  999.0 2008-06-01-1450-44S.VNRC__100_MSEED 
111 VBUTM  P  -0.23  1  1  999.0  999.0  999.0  999.0 2008-06-01-1455-49S.VNRC__100_MSEED 
111 VBUTM  S  -0.07  2  3  999.0  999.0  999.0  999.0 2008-06-01-1455-49S.VNRC__100_MSEED 
111 VSARA  P   0.06  1  1  999.0  999.0  999.0  999.0 2008-06-01-1455-49S.VNRC__100_MSEED 
112 VAVUN  P   1.21  1  2  999.0  999.0  999.0  999.0 2008-06-01-1500-04S.VNRC__100_MSEED 
112 VBUTM  P  -0.11  0  1  999.0  999.0  999.0  999.0 2008-06-01-1500-04S.VNRC__100_MSEED 
112 VESPI  P   0.14  1  1  999.0  999.0  999.0  999.0 2008-06-01-1500-04S.VNRC__100_MSEED 
112 VIRHO  P   0.33  1  1  999.0  999.0  999.0  999.0 2008-06-01-1500-04S.VNRC__100_MSEED 
112 VNARW  P   0.08  1  1  999.0  999.0  999.0  999.0 2008-06-01-1500-04S.VNRC__100_MSEED 
112 VSARA  P  -0.21  1  3  999.0  999.0  999.0  999.0 2008-06-01-1500-04S.VNRC__100_MSEED 
113 VANGO  P   0.15  2  1  999.0  999.0  999.0  999.0 2008-06-01-1501-44S.VNRC__100_MSEED 
113 VBUTM  P  -0.18  1  1  999.0  999.0  999.0  999.0 2008-06-01-1501-44S.VNRC__100_MSEED 
113 VSARA  P  -0.28  1  1  999.0  999.0  999.0  999.0 2008-06-01-1501-44S.VNRC__100_MSEED 
113 VTURT  P  -0.18  1  3  999.0  999.0  999.0  999.0 2008-06-01-1501-44S.VNRC__100_MSEED 
115 VANGO  P  -9.78  1  1  999.0  999.0  999.0  999.0 2008-06-01-1518-31S.VNRC__100_MSEED 
115 VANGO  S -15.76  1  2  999.0  999.0  999.0  999.0 2008-06-01-1518-31S.VNRC__100_MSEED 
115 VASAV  P  -0.22  0  1  999.0  999.0  999.0  999.0 2008-06-01-1518-31S.VNRC__100_MSEED 
115 VAVUN  P  -0.38  0  1  999.0  999.0  999.0  999.0 2008-06-01-1518-31S.VNRC__100_MSEED 
115 VAVUN  S  -0.96  3  3  999.0  999.0  999.0  999.0 2008-06-01-1518-31S.VNRC__100_MSEED 
115 VBUTM  P  -0.35  0  1  999.0  999.0  999.0  999.0 2008-06-01-1518-31S.VNRC__100_MSEED 
115 VBUTM  S  -0.15  2  2  999.0  999.0  999.0  999.0 2008-06-01-1518-31S.VNRC__100_MSEED 
115 VEBEN  P   0.28  0  1  999.0  999.0  999.0  999.0 2008-06-01-1518-31S.VNRC__100_MSEED 
115 VESPI  P  -0.10  0  2  999.0  999.0  999.0  999.0 2008-06-01-1518-31S.VNRC__100_MSEED 
115 VIRHO  P  -0.29  0  1  999.0  999.0  999.0  999.0 2008-06-01-1518-31S.VNRC__100_MSEED 
115 VIRHO  S  -0.04  2  3  999.0  999.0  999.0  999.0 2008-06-01-1518-31S.VNRC__100_MSEED 
115 VKOLH  P   0.12  0  1  999.0  999.0  999.0  999.0 2008-06-01-1518-31S.VNRC__100_MSEED 
115 VKOLH  S   0.09  2  3  999.0  999.0  999.0  999.0 2008-06-01-1518-31S.VNRC__100_MSEED 
115 VLAKA  P   0.31  1  1  999.0  999.0  999.0  999.0 2008-06-01-1518-31S.VNRC__100_MSEED 
115 VLEBE  P  -0.16  0  1  999.0  999.0  999.0  999.0 2008-06-01-1518-31S.VNRC__100_MSEED 
115 VLEBE  S   0.12  2  3  999.0  999.0  999.0  999.0 2008-06-01-1518-31S.VNRC__100_MSEED 
115 VNARW  P  -0.35  0  1  999.0  999.0  999.0  999.0 2008-06-01-1518-31S.VNRC__100_MSEED 
115 VNARW  S   0.00  2  3  999.0  999.0  999.0  999.0 2008-06-01-1518-31S.VNRC__100_MSEED 
115 VPOTO  P  -0.39  0  1  999.0  999.0  999.0  999.0 2008-06-01-1518-31S.VNRC__100_MSEED 
115 VSALE  P   0.02  1  1  999.0  999.0  999.0  999.0 2008-06-01-1518-31S.VNRC__100_MSEED 
115 VSARA  P  -0.22  0  0  999.0  999.0  999.0  999.0 2008-06-01-1518-31S.VNRC__100_MSEED 
115 VSARA  S  -0.20  2  1  999.0  999.0  999.0  999.0 2008-06-01-1518-31S.VNRC__100_MSEED 
115 VSULE  P   0.07  1  2  999.0  999.0  999.0  999.0 2008-06-01-1518-31S.VNRC__100_MSEED 
115 VTAMB  P  -0.15  0  0  999.0  999.0  999.0  999.0 2008-06-01-1518-31S.VNRC__100_MSEED 
115 VTAMB  S   0.01  2  1  999.0  999.0  999.0  999.0 2008-06-01-1518-31S.VNRC__100_MSEED 
115 VTURT  P  -0.24  0  1  999.0  999.0  999.0  999.0 2008-06-01-1518-31S.VNRC__100_MSEED 
115 VTURT  S   0.00  1  1  999.0  999.0  999.0  999.0 2008-06-01-1518-31S.VNRC__100_MSEED 
115 VWUSI  P  -0.20  1  1  999.0  999.0  999.0  999.0 2008-06-01-1518-31S.VNRC__100_MSEED 
116 VANGO  P  -0.28  1  1  999.0  999.0  999.0  999.0 2008-06-01-1533-30S.VNRC__100_MSEED 
116 VASAV  P  11.82  1  1  999.0  999.0  999.0  999.0 2008-06-01-1533-30S.VNRC__100_MSEED 
116 VAVUN  P  -0.03  0  1  999.0  999.0  999.0  999.0 2008-06-01-1533-30S.VNRC__100_MSEED 
116 VBUTM  P  -0.29  0  1  999.0  999.0  999.0  999.0 2008-06-01-1533-30S.VNRC__100_MSEED 
116 VEBEN  P  15.92  2  3  999.0  999.0  999.0  999.0 2008-06-01-1533-30S.VNRC__100_MSEED 
116 VESPI  P  -0.08  2  1  999.0  999.0  999.0  999.0 2008-06-01-1533-30S.VNRC__100_MSEED 
116 VIRHO  P  -0.14  0  1  999.0  999.0  999.0  999.0 2008-06-01-1533-30S.VNRC__100_MSEED 
116 VLEBE  P   0.43  0  1  999.0  999.0  999.0  999.0 2008-06-01-1533-30S.VNRC__100_MSEED 
116 VNARW  P  -0.23  2  1  999.0  999.0  999.0  999.0 2008-06-01-1533-30S.VNRC__100_MSEED 
116 VPOTO  P  -0.33  1  1  999.0  999.0  999.0  999.0 2008-06-01-1533-30S.VNRC__100_MSEED 
116 VSARA  P   0.02  0  1  999.0  999.0  999.0  999.0 2008-06-01-1533-30S.VNRC__100_MSEED 
116 VTURT  P  -0.33  0  1  999.0  999.0  999.0  999.0 2008-06-01-1533-30S.VNRC__100_MSEED 
117 VANGO  S  -0.06  1  1  999.0  999.0  999.0  999.0 2008-06-01-1537-51S.VNRC__100_MSEED 
117 VAVUN  P  -0.36  0  1  999.0  999.0  999.0  999.0 2008-06-01-1537-51S.VNRC__100_MSEED 
117 VAVUN  S  -0.33  1  1  999.0  999.0  999.0  999.0 2008-06-01-1537-51S.VNRC__100_MSEED 
117 VBUTM  P  -0.19  0  0  999.0  999.0  999.0  999.0 2008-06-01-1537-51S.VNRC__100_MSEED 
117 VIRHO  P  -0.23  1  1  999.0  999.0  999.0  999.0 2008-06-01-1537-51S.VNRC__100_MSEED 
117 VIRHO  S  -0.07  2  1  999.0  999.0  999.0  999.0 2008-06-01-1537-51S.VNRC__100_MSEED 
117 VKOLH  P  14.93  1  1  999.0  999.0  999.0  999.0 2008-06-01-1537-51S.VNRC__100_MSEED 
117 VLEBE  P  -0.15  2  2  999.0  999.0  999.0  999.0 2008-06-01-1537-51S.VNRC__100_MSEED 
117 VLEBE  S  -0.03  1  1  999.0  999.0  999.0  999.0 2008-06-01-1537-51S.VNRC__100_MSEED 
117 VSARA  P  -0.31  0  0  999.0  999.0  999.0  999.0 2008-06-01-1537-51S.VNRC__100_MSEED 
117 VSARA  S  -0.10  2  1  999.0  999.0  999.0  999.0 2008-06-01-1537-51S.VNRC__100_MSEED 
117 VTAMB  P  16.21  0  3  999.0  999.0  999.0  999.0 2008-06-01-1537-51S.VNRC__100_MSEED 
117 VTURT  P  -0.35  1  1  999.0  999.0  999.0  999.0 2008-06-01-1537-51S.VNRC__100_MSEED 
117 VTURT  S  -0.14  2  1  999.0  999.0  999.0  999.0 2008-06-01-1537-51S.VNRC__100_MSEED 
118 VANGO  P   0.05  2  1  999.0  999.0  999.0  999.0 2008-06-01-1538-07S.VNRC__100_MSEED 
118 VANGO  S  -0.41  1  1  999.0  999.0  999.0  999.0 2008-06-01-1538-07S.VNRC__100_MSEED 
118 VAVUN  P  -0.24  0  2  999.0  999.0  999.0  999.0 2008-06-01-1538-07S.VNRC__100_MSEED 
118 VAVUN  S  -0.24  1  1  999.0  999.0  999.0  999.0 2008-06-01-1538-07S.VNRC__100_MSEED 
118 VBUTM  P  -0.20  0  2  999.0  999.0  999.0  999.0 2008-06-01-1538-07S.VNRC__100_MSEED 
118 VBUTM  S  -0.20  2  3  999.0  999.0  999.0  999.0 2008-06-01-1538-07S.VNRC__100_MSEED 
118 VIRHO  P  -0.22  1  1  999.0  999.0  999.0  999.0 2008-06-01-1538-07S.VNRC__100_MSEED 
118 VIRHO  S  -0.16  2  1  999.0  999.0  999.0  999.0 2008-06-01-1538-07S.VNRC__100_MSEED 
118 VLEBE  P  -0.23  2  2  999.0  999.0  999.0  999.0 2008-06-01-1538-07S.VNRC__100_MSEED 
118 VLEBE  S  -0.05  1  2  999.0  999.0  999.0  999.0 2008-06-01-1538-07S.VNRC__100_MSEED 
118 VSARA  P  -0.29  0  1  999.0  999.0  999.0  999.0 2008-06-01-1538-07S.VNRC__100_MSEED 
118 VSARA  S  -0.02  2  1  999.0  999.0  999.0  999.0 2008-06-01-1538-07S.VNRC__100_MSEED 
118 VTAMB  P  16.25  0  1  999.0  999.0  999.0  999.0 2008-06-01-1538-07S.VNRC__100_MSEED 
118 VTURT  P  -0.34  1  1  999.0  999.0  999.0  999.0 2008-06-01-1538-07S.VNRC__100_MSEED 
118 VTURT  S  -0.05  2  1  999.0  999.0  999.0  999.0 2008-06-01-1538-07S.VNRC__100_MSEED 
119 VBUTM  P  -0.03  1  1  999.0  999.0  999.0  999.0 2008-06-01-1540-15S.VNRC__100_MSEED 
119 VBUTM  S  -0.44  2  2  999.0  999.0  999.0  999.0 2008-06-01-1540-15S.VNRC__100_MSEED 
119 VIRHO  P  -0.05  1  1  999.0  999.0  999.0  999.0 2008-06-01-1540-15S.VNRC__100_MSEED 
119 VIRHO  S   0.30  2  3  999.0  999.0  999.0  999.0 2008-06-01-1540-15S.VNRC__100_MSEED 
119 VKOLH  P  -0.10  2  1  999.0  999.0  999.0  999.0 2008-06-01-1540-15S.VNRC__100_MSEED 
119 VKOLH  S  -0.71  1  2  999.0  999.0  999.0  999.0 2008-06-01-1540-15S.VNRC__100_MSEED 
119 VSARA  P  -0.24  0  2  999.0  999.0  999.0  999.0 2008-06-01-1540-15S.VNRC__100_MSEED 
119 VSARA  S  -0.33  1  2  999.0  999.0  999.0  999.0 2008-06-01-1540-15S.VNRC__100_MSEED 
119 VTURT  P  -0.10  1  1  999.0  999.0  999.0  999.0 2008-06-01-1540-15S.VNRC__100_MSEED 
119 VTURT  S  -0.17  2  2  999.0  999.0  999.0  999.0 2008-06-01-1540-15S.VNRC__100_MSEED 
121 VAVUN  P  -0.06  1  1  999.0  999.0  999.0  999.0 2008-06-01-1608-28S.VNRC__100_MSEED 
121 VAVUN  S  -0.03  2  2  999.0  999.0  999.0  999.0 2008-06-01-1608-28S.VNRC__100_MSEED 
121 VBUTM  P  13.71  1  1  999.0  999.0  999.0  999.0 2008-06-01-1608-28S.VNRC__100_MSEED 
121 VLAKA  P  23.91  2  3  999.0  999.0  999.0  999.0 2008-06-01-1608-28S.VNRC__100_MSEED 
121 VLEVI  P   6.80  1  2  999.0  999.0  999.0  999.0 2008-06-01-1608-28S.VNRC__100_MSEED 
121 VTAMB  P   0.14  2  1  999.0  999.0  999.0  999.0 2008-06-01-1608-28S.VNRC__100_MSEED 
121 VTAMB  S   0.44  2  1  999.0  999.0  999.0  999.0 2008-06-01-1608-28S.VNRC__100_MSEED 
123 VANGO  P   5.54  2  2  999.0  999.0  999.0  999.0 2008-06-01-1632-53S.VNRC__100_MSEED 
123 VBUTM  P   4.76  1  1  999.0  999.0  999.0  999.0 2008-06-01-1632-53S.VNRC__100_MSEED 
123 VSARA  P  -0.42  0  1  999.0  999.0  999.0  999.0 2008-06-01-1632-53S.VNRC__100_MSEED 
123 VSARA  S  -0.33  2  1  999.0  999.0  999.0  999.0 2008-06-01-1632-53S.VNRC__100_MSEED 
123 VTURT  P  -0.37  1  1  999.0  999.0  999.0  999.0 2008-06-01-1632-53S.VNRC__100_MSEED 
123 VTURT  S  -0.16  2  2  999.0  999.0  999.0  999.0 2008-06-01-1632-53S.VNRC__100_MSEED 
127 VBUTM  P  -0.21  0  1  999.0  999.0  999.0  999.0 2008-06-01-1657-46S.VNRC__100_MSEED 
127 VBUTM  S   0.19  2  3  999.0  999.0  999.0  999.0 2008-06-01-1657-46S.VNRC__100_MSEED 
127 VTAMB  P  -0.13  2  1  999.0  999.0  999.0  999.0 2008-06-01-1657-46S.VNRC__100_MSEED 
127 VTAMB  S  -0.33  1  1  999.0  999.0  999.0  999.0 2008-06-01-1657-46S.VNRC__100_MSEED 
127 VTURT  P  -0.37  0  1  999.0  999.0  999.0  999.0 2008-06-01-1657-46S.VNRC__100_MSEED 
127 VTURT  S  -0.25  2  1  999.0  999.0  999.0  999.0 2008-06-01-1657-46S.VNRC__100_MSEED 
128 VANGO  P  -0.06  0  0  999.0  999.0  999.0  999.0 2008-06-01-1704-16S.VNRC__100_MSEED 
128 VANGO  S   0.04  2  1  999.0  999.0  999.0  999.0 2008-06-01-1704-16S.VNRC__100_MSEED 
128 VASAV  P  -0.10  0  0  999.0  999.0  999.0  999.0 2008-06-01-1704-16S.VNRC__100_MSEED 
128 VAVUN  P  -0.36  0  0  999.0  999.0  999.0  999.0 2008-06-01-1704-16S.VNRC__100_MSEED 
128 VAVUN  S   0.06  2  1  999.0  999.0  999.0  999.0 2008-06-01-1704-16S.VNRC__100_MSEED 
128 VBUTM  P  -0.29  0  0  999.0  999.0  999.0  999.0 2008-06-01-1704-16S.VNRC__100_MSEED 
128 VESPI  P   0.15  0  1  999.0  999.0  999.0  999.0 2008-06-01-1704-16S.VNRC__100_MSEED 
128 VESPI  S   0.35  2  2  999.0  999.0  999.0  999.0 2008-06-01-1704-16S.VNRC__100_MSEED 
128 VIRHO  P  -0.06  0  0  999.0  999.0  999.0  999.0 2008-06-01-1704-16S.VNRC__100_MSEED 
128 VIRHO  S  -0.19  2  1  999.0  999.0  999.0  999.0 2008-06-01-1704-16S.VNRC__100_MSEED 
128 VKOLH  P  -0.16  1  1  999.0  999.0  999.0  999.0 2008-06-01-1704-16S.VNRC__100_MSEED 
128 VKOLH  S  -0.49  2  2  999.0  999.0  999.0  999.0 2008-06-01-1704-16S.VNRC__100_MSEED 
128 VLEBE  P  -0.26  0  1  999.0  999.0  999.0  999.0 2008-06-01-1704-16S.VNRC__100_MSEED 
128 VLEBE  S  -0.19  1  2  999.0  999.0  999.0  999.0 2008-06-01-1704-16S.VNRC__100_MSEED 
128 VNARW  P  -0.19  2  1  999.0  999.0  999.0  999.0 2008-06-01-1704-16S.VNRC__100_MSEED 
128 VSALE  P  -0.14  1  1  999.0  999.0  999.0  999.0 2008-06-01-1704-16S.VNRC__100_MSEED 
128 VSARA  P  -0.19  0  0  999.0  999.0  999.0  999.0 2008-06-01-1704-16S.VNRC__100_MSEED 
128 VSARA  S  -0.25  1  1  999.0  999.0  999.0  999.0 2008-06-01-1704-16S.VNRC__100_MSEED 
128 VSULE  P  -0.22  0  0  999.0  999.0  999.0  999.0 2008-06-01-1704-16S.VNRC__100_MSEED 
128 VTAMB  P   0.03  0  1  999.0  999.0  999.0  999.0 2008-06-01-1704-16S.VNRC__100_MSEED 
128 VTAMB  S   0.15  2  2  999.0  999.0  999.0  999.0 2008-06-01-1704-16S.VNRC__100_MSEED 
128 VTURT  P  -0.34  0  0  999.0  999.0  999.0  999.0 2008-06-01-1704-16S.VNRC__100_MSEED 
128 VTURT  S  -0.16  1  1  999.0  999.0  999.0  999.0 2008-06-01-1704-16S.VNRC__100_MSEED 
128 VWUSI  P  -0.15  0  1  999.0  999.0  999.0  999.0 2008-06-01-1704-16S.VNRC__100_MSEED 
131 VANGO  P  -0.18  0  1  999.0  999.0  999.0  999.0 2008-06-01-1709-40S.VNRC__100_MSEED 
131 VANGO  S   0.12  2  3  999.0  999.0  999.0  999.0 2008-06-01-1709-40S.VNRC__100_MSEED 
131 VASAV  P  -0.37  0  1  999.0  999.0  999.0  999.0 2008-06-01-1709-40S.VNRC__100_MSEED 
131 VASAV  S   0.41  2  3  999.0  999.0  999.0  999.0 2008-06-01-1709-40S.VNRC__100_MSEED 
131 VAVUN  P  -0.10  0  2  999.0  999.0  999.0  999.0 2008-06-01-1709-40S.VNRC__100_MSEED 
131 VAVUN  S  16.20  2  2  999.0  999.0  999.0  999.0 2008-06-01-1709-40S.VNRC__100_MSEED 
131 VBUTM  P  -0.33  0  2  999.0  999.0  999.0  999.0 2008-06-01-1709-40S.VNRC__100_MSEED 
131 VBUTM  S   0.18  2  2  999.0  999.0  999.0  999.0 2008-06-01-1709-40S.VNRC__100_MSEED 
131 VEBEN  P  -0.13  1  1  999.0  999.0  999.0  999.0 2008-06-01-1709-40S.VNRC__100_MSEED 
131 VEBEN  S   0.88  3  3  999.0  999.0  999.0  999.0 2008-06-01-1709-40S.VNRC__100_MSEED 
131 VESPI  P  -0.24  0  1  999.0  999.0  999.0  999.0 2008-06-01-1709-40S.VNRC__100_MSEED 
131 VKOLH  P  -0.21  0  3  999.0  999.0  999.0  999.0 2008-06-01-1709-40S.VNRC__100_MSEED 
131 VKOLH  S  -0.04  2  2  999.0  999.0  999.0  999.0 2008-06-01-1709-40S.VNRC__100_MSEED 
131 VLAKA  S  -0.07  1  2  999.0  999.0  999.0  999.0 2008-06-01-1709-40S.VNRC__100_MSEED 
131 VLEBE  P  -0.32  0  1  999.0  999.0  999.0  999.0 2008-06-01-1709-40S.VNRC__100_MSEED 
131 VLEVI  P   0.01  2  1  999.0  999.0  999.0  999.0 2008-06-01-1709-40S.VNRC__100_MSEED 
131 VLEVI  S  -0.23  2  3  999.0  999.0  999.0  999.0 2008-06-01-1709-40S.VNRC__100_MSEED 
131 VNARW  P   0.38  0  2  999.0  999.0  999.0  999.0 2008-06-01-1709-40S.VNRC__100_MSEED 
131 VNARW  S  -0.40  1  2  999.0  999.0  999.0  999.0 2008-06-01-1709-40S.VNRC__100_MSEED 
131 VPOTO  P  -0.15  0  2  999.0  999.0  999.0  999.0 2008-06-01-1709-40S.VNRC__100_MSEED 
131 VPOTO  S   0.64  2  3  999.0  999.0  999.0  999.0 2008-06-01-1709-40S.VNRC__100_MSEED 
131 VSALE  P  -0.05  1  1  999.0  999.0  999.0  999.0 2008-06-01-1709-40S.VNRC__100_MSEED 
131 VSARA  P  -0.86  0  2  999.0  999.0  999.0  999.0 2008-06-01-1709-40S.VNRC__100_MSEED 
131 VTAMB  S  -0.12  1  1  999.0  999.0  999.0  999.0 2008-06-01-1709-40S.VNRC__100_MSEED 
131 VTURT  S  -0.05  2  1  999.0  999.0  999.0  999.0 2008-06-01-1709-40S.VNRC__100_MSEED 
131 VWUSI  P  -0.33  0  1  999.0  999.0  999.0  999.0 2008-06-01-1709-40S.VNRC__100_MSEED 
132 VSARA  P   0.06  2  1  999.0  999.0  999.0  999.0 2008-06-01-1721-50S.VNRC__100_MSEED 
132 VSARA  S   0.21  2  1  999.0  999.0  999.0  999.0 2008-06-01-1721-50S.VNRC__100_MSEED 
132 VTAMB  P  42.38  1  2  999.0  999.0  999.0  999.0 2008-06-01-1721-50S.VNRC__100_MSEED 
132 VTURT  P   0.12  1  3  999.0  999.0  999.0  999.0 2008-06-01-1721-50S.VNRC__100_MSEED 
133 VANGO  P  -0.31  1  1  999.0  999.0  999.0  999.0 2008-06-01-1723-30S.VNRC__100_MSEED 
133 VBUTM  P  -0.26  0  1  999.0  999.0  999.0  999.0 2008-06-01-1723-30S.VNRC__100_MSEED 
133 VLEBE  P  13.05  1  3  999.0  999.0  999.0  999.0 2008-06-01-1723-30S.VNRC__100_MSEED 
133 VSARA  P  -0.35  0  0  999.0  999.0  999.0  999.0 2008-06-01-1723-30S.VNRC__100_MSEED 
133 VSARA  S   0.07  2  1  999.0  999.0  999.0  999.0 2008-06-01-1723-30S.VNRC__100_MSEED 
133 VTAMB  P  12.88  1  2  999.0  999.0  999.0  999.0 2008-06-01-1723-30S.VNRC__100_MSEED 
133 VTAMB  S  55.42  3  2  999.0  999.0  999.0  999.0 2008-06-01-1723-30S.VNRC__100_MSEED 
133 VTURT  P  -0.38  0  1  999.0  999.0  999.0  999.0 2008-06-01-1723-30S.VNRC__100_MSEED 
138 VANGO  P  -0.08  0  1  999.0  999.0  999.0  999.0 2008-06-01-1757-51S.VNRC__100_MSEED 
138 VASAV  P  -0.21  0  1  999.0  999.0  999.0  999.0 2008-06-01-1757-51S.VNRC__100_MSEED 
138 VASAV  S  -0.04  2  2  999.0  999.0  999.0  999.0 2008-06-01-1757-51S.VNRC__100_MSEED 
138 VAVUN  P -14.90  1  1  999.0  999.0  999.0  999.0 2008-06-01-1757-51S.VNRC__100_MSEED 
138 VAVUN  S -12.62  1  2  999.0  999.0  999.0  999.0 2008-06-01-1757-51S.VNRC__100_MSEED 
138 VBUTM  P -16.75  1  0  999.0  999.0  999.0  999.0 2008-06-01-1757-51S.VNRC__100_MSEED 
138 VBUTM  S -13.23  1  1  999.0  999.0  999.0  999.0 2008-06-01-1757-51S.VNRC__100_MSEED 
138 VEBEN  P  -0.08  0  1  999.0  999.0  999.0  999.0 2008-06-01-1757-51S.VNRC__100_MSEED 
138 VESPI  P  -0.19  0  1  999.0  999.0  999.0  999.0 2008-06-01-1757-51S.VNRC__100_MSEED 
138 VESPI  S   0.42  2  3  999.0  999.0  999.0  999.0 2008-06-01-1757-51S.VNRC__100_MSEED 
138 VIRHO  P  -0.26  0  1  999.0  999.0  999.0  999.0 2008-06-01-1757-51S.VNRC__100_MSEED 
138 VIRHO  S  -0.16  2  2  999.0  999.0  999.0  999.0 2008-06-01-1757-51S.VNRC__100_MSEED 
138 VKOLH  P -17.64  1  2  999.0  999.0  999.0  999.0 2008-06-01-1757-51S.VNRC__100_MSEED 
138 VKOLH  S -12.46  1  2  999.0  999.0  999.0  999.0 2008-06-01-1757-51S.VNRC__100_MSEED 
138 VLAKA  P  -0.26  0  1  999.0  999.0  999.0  999.0 2008-06-01-1757-51S.VNRC__100_MSEED 
138 VLAKA  S   0.28  2  2  999.0  999.0  999.0  999.0 2008-06-01-1757-51S.VNRC__100_MSEED 
138 VLEBE  P  -0.30  0  1  999.0  999.0  999.0  999.0 2008-06-01-1757-51S.VNRC__100_MSEED 
138 VLEBE  S   0.30  2  2  999.0  999.0  999.0  999.0 2008-06-01-1757-51S.VNRC__100_MSEED 
138 VLEVI  P  -0.21  0  0  999.0  999.0  999.0  999.0 2008-06-01-1757-51S.VNRC__100_MSEED 
138 VNARW  P  -0.29  0  0  999.0  999.0  999.0  999.0 2008-06-01-1757-51S.VNRC__100_MSEED 
138 VNARW  S   0.08  2  2  999.0  999.0  999.0  999.0 2008-06-01-1757-51S.VNRC__100_MSEED 
138 VPOTO  P  -0.26  0  2  999.0  999.0  999.0  999.0 2008-06-01-1757-51S.VNRC__100_MSEED 
138 VPOTO  S  -0.27  2  3  999.0  999.0  999.0  999.0 2008-06-01-1757-51S.VNRC__100_MSEED 
138 VSALE  P  -0.36  0  1  999.0  999.0  999.0  999.0 2008-06-01-1757-51S.VNRC__100_MSEED 
138 VSARA  P -16.95  1  0  999.0  999.0  999.0  999.0 2008-06-01-1757-51S.VNRC__100_MSEED 
138 VSARA  S -13.28  1  1  999.0  999.0  999.0  999.0 2008-06-01-1757-51S.VNRC__100_MSEED 
138 VTAMB  P  -0.36  0  0  999.0  999.0  999.0  999.0 2008-06-01-1757-51S.VNRC__100_MSEED 
138 VTAMB  S  -0.24  2  2  999.0  999.0  999.0  999.0 2008-06-01-1757-51S.VNRC__100_MSEED 
138 VTURT  P -17.77  0  0  999.0  999.0  999.0  999.0 2008-06-01-1757-51S.VNRC__100_MSEED 
138 VTURT  S  -0.33  1  1  999.0  999.0  999.0  999.0 2008-06-01-1757-51S.VNRC__100_MSEED 
138 VWUSI  P  -0.20  0  0  999.0  999.0  999.0  999.0 2008-06-01-1757-51S.VNRC__100_MSEED 
138 VWUSI  S   0.23  2  2  999.0  999.0  999.0  999.0 2008-06-01-1757-51S.VNRC__100_MSEED 
143 VANGO  P  15.58  2  1  999.0  999.0  999.0  999.0 2008-06-01-1833-37S.VNRC__100_MSEED 
143 VAVUN  P  13.45  0  2  999.0  999.0  999.0  999.0 2008-06-01-1833-37S.VNRC__100_MSEED 
143 VBUTM  P   0.15  1  2  999.0  999.0  999.0  999.0 2008-06-01-1833-37S.VNRC__100_MSEED 
143 VBUTM  S   0.14  2  2  999.0  999.0  999.0  999.0 2008-06-01-1833-37S.VNRC__100_MSEED 
143 VESPI  P   0.72  2  1  999.0  999.0  999.0  999.0 2008-06-01-1833-37S.VNRC__100_MSEED 
143 VIRHO  P  11.67  1  1  999.0  999.0  999.0  999.0 2008-06-01-1833-37S.VNRC__100_MSEED 
143 VKOLH  P   0.17  1  1  999.0  999.0  999.0  999.0 2008-06-01-1833-37S.VNRC__100_MSEED 
143 VKOLH  S   0.65  2  2  999.0  999.0  999.0  999.0 2008-06-01-1833-37S.VNRC__100_MSEED 
143 VLEBE  P  14.26  1  1  999.0  999.0  999.0  999.0 2008-06-01-1833-37S.VNRC__100_MSEED 
143 VNARW  P   0.05  2  1  999.0  999.0  999.0  999.0 2008-06-01-1833-37S.VNRC__100_MSEED 
143 VPOTO  P   0.39  1  2  999.0  999.0  999.0  999.0 2008-06-01-1833-37S.VNRC__100_MSEED 
143 VPOTO  S  -0.36  2  2  999.0  999.0  999.0  999.0 2008-06-01-1833-37S.VNRC__100_MSEED 
143 VSALE  P  14.24  1  1  999.0  999.0  999.0  999.0 2008-06-01-1833-37S.VNRC__100_MSEED 
143 VSARA  P  -0.05  0  1  999.0  999.0  999.0  999.0 2008-06-01-1833-37S.VNRC__100_MSEED 
143 VSARA  S   0.21  2  2  999.0  999.0  999.0  999.0 2008-06-01-1833-37S.VNRC__100_MSEED 
143 VTAMB  P  12.25  0  1  999.0  999.0  999.0  999.0 2008-06-01-1833-37S.VNRC__100_MSEED 
143 VTURT  P  -0.16  1  1  999.0  999.0  999.0  999.0 2008-06-01-1833-37S.VNRC__100_MSEED 
143 VTURT  S  -0.18  2  1  999.0  999.0  999.0  999.0 2008-06-01-1833-37S.VNRC__100_MSEED 
143 VWUSI  P   0.58  1  1  999.0  999.0  999.0  999.0 2008-06-01-1833-37S.VNRC__100_MSEED 
143 VWUSI  S  -0.09  2  1  999.0  999.0  999.0  999.0 2008-06-01-1833-37S.VNRC__100_MSEED 
144 VANGO  P  -0.30  0  1  999.0  999.0  999.0  999.0 2008-06-01-1839-14S.VNRC__100_MSEED 
144 VANGO  S   0.70  2  2  999.0  999.0  999.0  999.0 2008-06-01-1839-14S.VNRC__100_MSEED 
144 VAVUN  P   0.02  1  2  999.0  999.0  999.0  999.0 2008-06-01-1839-14S.VNRC__100_MSEED 
144 VBUTM  P  -0.35  0  1  999.0  999.0  999.0  999.0 2008-06-01-1839-14S.VNRC__100_MSEED 
144 VBUTM  S   0.15  2  1  999.0  999.0  999.0  999.0 2008-06-01-1839-14S.VNRC__100_MSEED 
144 VIRHO  P  -0.09  0  2  999.0  999.0  999.0  999.0 2008-06-01-1839-14S.VNRC__100_MSEED 
144 VLEBE  P  -0.30  1  2  999.0  999.0  999.0  999.0 2008-06-01-1839-14S.VNRC__100_MSEED 
144 VLEBE  S  -0.12  2  2  999.0  999.0  999.0  999.0 2008-06-01-1839-14S.VNRC__100_MSEED 
144 VSARA  P  -0.29  0  1  999.0  999.0  999.0  999.0 2008-06-01-1839-14S.VNRC__100_MSEED 
144 VSARA  S   0.41  2  2  999.0  999.0  999.0  999.0 2008-06-01-1839-14S.VNRC__100_MSEED 
144 VTAMB  P  13.49  2  2  999.0  999.0  999.0  999.0 2008-06-01-1839-14S.VNRC__100_MSEED 
144 VTURT  P   0.10  1  1  999.0  999.0  999.0  999.0 2008-06-01-1839-14S.VNRC__100_MSEED 
145 VANGO  P  -0.09  0  1  999.0  999.0  999.0  999.0 2008-06-01-1845-48S.VNRC__100_MSEED 
145 VAVUN  P   6.75  2  1  999.0  999.0  999.0  999.0 2008-06-01-1845-48S.VNRC__100_MSEED 
145 VBUTM  P  -0.33  0  0  999.0  999.0  999.0  999.0 2008-06-01-1845-48S.VNRC__100_MSEED 
145 VIRHO  P  -0.36  0  0  999.0  999.0  999.0  999.0 2008-06-01-1845-48S.VNRC__100_MSEED 
145 VIRHO  S  -0.11  2  1  999.0  999.0  999.0  999.0 2008-06-01-1845-48S.VNRC__100_MSEED 
145 VKOLH  P   0.18  1  1  999.0  999.0  999.0  999.0 2008-06-01-1845-48S.VNRC__100_MSEED 
145 VLEBE  P  -0.37  0  0  999.0  999.0  999.0  999.0 2008-06-01-1845-48S.VNRC__100_MSEED 
145 VLEBE  S  -0.10  3  2  999.0  999.0  999.0  999.0 2008-06-01-1845-48S.VNRC__100_MSEED 
145 VSALE  P  -0.18  1  1  999.0  999.0  999.0  999.0 2008-06-01-1845-48S.VNRC__100_MSEED 
145 VSALE  S  -0.12  3  1  999.0  999.0  999.0  999.0 2008-06-01-1845-48S.VNRC__100_MSEED 
145 VSARA  P  -0.43  0  1  999.0  999.0  999.0  999.0 2008-06-01-1845-48S.VNRC__100_MSEED 
145 VSULE  P  -0.24  0  3  999.0  999.0  999.0  999.0 2008-06-01-1845-48S.VNRC__100_MSEED 
145 VTAMB  P  -0.23  0  2  999.0  999.0  999.0  999.0 2008-06-01-1845-48S.VNRC__100_MSEED 
145 VTAMB  S  -0.23  3  1  999.0  999.0  999.0  999.0 2008-06-01-1845-48S.VNRC__100_MSEED 
145 VTURT  P  -0.27  0  1  999.0  999.0  999.0  999.0 2008-06-01-1845-48S.VNRC__100_MSEED 
145 VTURT  S  13.73  2  1  999.0  999.0  999.0  999.0 2008-06-01-1845-48S.VNRC__100_MSEED 
145 VWUSI  P  -0.33  0  1  999.0  999.0  999.0  999.0 2008-06-01-1845-48S.VNRC__100_MSEED 
145 VWUSI  S   6.22  2  2  999.0  999.0  999.0  999.0 2008-06-01-1845-48S.VNRC__100_MSEED 
147 VANGO  P  -0.10  0  1  999.0  999.0  999.0  999.0 2008-06-01-1927-22S.VNRC__100_MSEED 
147 VANGO  S   0.23  3  3  999.0  999.0  999.0  999.0 2008-06-01-1927-22S.VNRC__100_MSEED 
147 VASAV  P   0.16  0  1  999.0  999.0  999.0  999.0 2008-06-01-1927-22S.VNRC__100_MSEED 
147 VASAV  S   0.05  2  2  999.0  999.0  999.0  999.0 2008-06-01-1927-22S.VNRC__100_MSEED 
147 VAVUN  P  -0.25  0  3  999.0  999.0  999.0  999.0 2008-06-01-1927-22S.VNRC__100_MSEED 
147 VAVUN  S   0.31  2  2  999.0  999.0  999.0  999.0 2008-06-01-1927-22S.VNRC__100_MSEED 
147 VBUTM  P  -0.18  0  2  999.0  999.0  999.0  999.0 2008-06-01-1927-22S.VNRC__100_MSEED 
147 VBUTM  S   0.48  3  1  999.0  999.0  999.0  999.0 2008-06-01-1927-22S.VNRC__100_MSEED 
147 VEBEN  P -59.95  0  1  999.0  999.0  999.0  999.0 2008-06-01-1927-22S.VNRC__100_MSEED 
147 VEBEN  S   0.28  2  1  999.0  999.0  999.0  999.0 2008-06-01-1927-22S.VNRC__100_MSEED 
147 VESPI  P  -0.17  0  2  999.0  999.0  999.0  999.0 2008-06-01-1927-22S.VNRC__100_MSEED 
147 VIRHO  P  -0.28  0  1  999.0  999.0  999.0  999.0 2008-06-01-1927-22S.VNRC__100_MSEED 
147 VIRHO  S   0.36  2  3  999.0  999.0  999.0  999.0 2008-06-01-1927-22S.VNRC__100_MSEED 
147 VKOLH  P  -0.32  0  1  999.0  999.0  999.0  999.0 2008-06-01-1927-22S.VNRC__100_MSEED 
147 VLEBE  P  -0.23  0  2  999.0  999.0  999.0  999.0 2008-06-01-1927-22S.VNRC__100_MSEED 
147 VLEVI  S   0.56  2  3  999.0  999.0  999.0  999.0 2008-06-01-1927-22S.VNRC__100_MSEED 
147 VNARW  P   0.17  0  3  999.0  999.0  999.0  999.0 2008-06-01-1927-22S.VNRC__100_MSEED 
147 VPOTO  P  -0.13  0  2  999.0  999.0  999.0  999.0 2008-06-01-1927-22S.VNRC__100_MSEED 
147 VSALE  P  -0.11  0  2  999.0  999.0  999.0  999.0 2008-06-01-1927-22S.VNRC__100_MSEED 
147 VSALE  S   0.37  3  3  999.0  999.0  999.0  999.0 2008-06-01-1927-22S.VNRC__100_MSEED 
147 VSARA  P  -0.23  0  1  999.0  999.0  999.0  999.0 2008-06-01-1927-22S.VNRC__100_MSEED 
147 VSULE  P  -0.13  0  2  999.0  999.0  999.0  999.0 2008-06-01-1927-22S.VNRC__100_MSEED 
147 VTAMB  P  -0.19  0  1  999.0  999.0  999.0  999.0 2008-06-01-1927-22S.VNRC__100_MSEED 
147 VTURT  P  -0.30  0  1  999.0  999.0  999.0  999.0 2008-06-01-1927-22S.VNRC__100_MSEED 
147 VTURT  S   0.12  2  1  999.0  999.0  999.0  999.0 2008-06-01-1927-22S.VNRC__100_MSEED 
147 VWUSI  P  -0.20  0  1  999.0  999.0  999.0  999.0 2008-06-01-1927-22S.VNRC__100_MSEED 
151 VESPI  P   1.22  2  3  999.0  999.0  999.0  999.0 2008-06-01-2006-32S.VNRC__100_MSEED 
155 VBUTM  P   0.18  2  1  999.0  999.0  999.0  999.0 2008-06-01-2113-34S.VNRC__100_MSEED 
155 VLEBE  P   0.63  2  1  999.0  999.0  999.0  999.0 2008-06-01-2113-34S.VNRC__100_MSEED 
155 VSARA  P  -0.15  1  1  999.0  999.0  999.0  999.0 2008-06-01-2113-34S.VNRC__100_MSEED 
155 VSARA  S   0.19  2  2  999.0  999.0  999.0  999.0 2008-06-01-2113-34S.VNRC__100_MSEED 
155 VTAMB  P  18.47  2  2  999.0  999.0  999.0  999.0 2008-06-01-2113-34S.VNRC__100_MSEED 
156 VBUTM  P  -0.22  1  1  999.0  999.0  999.0  999.0 2008-06-01-2120-11S.VNRC__100_MSEED 
156 VBUTM  S  -0.16  3  3  999.0  999.0  999.0  999.0 2008-06-01-2120-11S.VNRC__100_MSEED 
156 VKOLH  P  -0.15  1  2  999.0  999.0  999.0  999.0 2008-06-01-2120-11S.VNRC__100_MSEED 
159 VESPI  P  -0.31  0  1  999.0  999.0  999.0  999.0 2008-06-01-2203-46S.VNRC__100_MSEED 
159 VNARW  P   9.03  2  1  999.0  999.0  999.0  999.0 2008-06-01-2203-46S.VNRC__100_MSEED 
160 VAVUN  P  13.55  1  1  999.0  999.0  999.0  999.0 2008-06-01-2219-23S.VNRC__100_MSEED 
160 VIRHO  P  -0.29  1  1  999.0  999.0  999.0  999.0 2008-06-01-2219-23S.VNRC__100_MSEED 
160 VIRHO  S  -0.20  1  2  999.0  999.0  999.0  999.0 2008-06-01-2219-23S.VNRC__100_MSEED 
160 VKOLH  P  -0.04  2  2  999.0  999.0  999.0  999.0 2008-06-01-2219-23S.VNRC__100_MSEED 
160 VKOLH  S  -0.02  2  2  999.0  999.0  999.0  999.0 2008-06-01-2219-23S.VNRC__100_MSEED 
160 VLEBE  P  -0.30  1  1  999.0  999.0  999.0  999.0 2008-06-01-2219-23S.VNRC__100_MSEED 
160 VLEBE  S   0.01  1  2  999.0  999.0  999.0  999.0 2008-06-01-2219-23S.VNRC__100_MSEED 
160 VSARA  P  -0.27  0  1  999.0  999.0  999.0  999.0 2008-06-01-2219-23S.VNRC__100_MSEED 
160 VSARA  S  -0.18  1  3  999.0  999.0  999.0  999.0 2008-06-01-2219-23S.VNRC__100_MSEED 
160 VTAMB  P  12.31  0  2  999.0  999.0  999.0  999.0 2008-06-01-2219-23S.VNRC__100_MSEED 
161 VBUTM  S   0.02  2  2  999.0  999.0  999.0  999.0 2008-06-01-2223-38S.VNRC__100_MSEED 
161 VKOLH  P  -0.03  1  1  999.0  999.0  999.0  999.0 2008-06-01-2223-38S.VNRC__100_MSEED 
161 VKOLH  S  -0.11  2  2  999.0  999.0  999.0  999.0 2008-06-01-2223-38S.VNRC__100_MSEED 
161 VSARA  P  -0.07  0  1  999.0  999.0  999.0  999.0 2008-06-01-2223-38S.VNRC__100_MSEED 
161 VSARA  S   0.17  3  2  999.0  999.0  999.0  999.0 2008-06-01-2223-38S.VNRC__100_MSEED 
161 VTAMB  P  -0.31  0  1  999.0  999.0  999.0  999.0 2008-06-01-2223-38S.VNRC__100_MSEED 
161 VTAMB  S  -0.14  2  1  999.0  999.0  999.0  999.0 2008-06-01-2223-38S.VNRC__100_MSEED 
164 VAVUN  P  12.96  2  1  999.0  999.0  999.0  999.0 2008-06-01-2234-50S.VNRC__100_MSEED 
164 VBUTM  P  -0.29  0  1  999.0  999.0  999.0  999.0 2008-06-01-2234-50S.VNRC__100_MSEED 
164 VBUTM  S  -0.41  2  1  999.0  999.0  999.0  999.0 2008-06-01-2234-50S.VNRC__100_MSEED 
164 VIRHO  P   0.02  2  2  999.0  999.0  999.0  999.0 2008-06-01-2234-50S.VNRC__100_MSEED 
164 VIRHO  S  -0.11  2  2  999.0  999.0  999.0  999.0 2008-06-01-2234-50S.VNRC__100_MSEED 
164 VKOLH  P  -0.05  1  1  999.0  999.0  999.0  999.0 2008-06-01-2234-50S.VNRC__100_MSEED 
164 VKOLH  S   0.46  2  3  999.0  999.0  999.0  999.0 2008-06-01-2234-50S.VNRC__100_MSEED 
164 VLEBE  S   0.26  3  3  999.0  999.0  999.0  999.0 2008-06-01-2234-50S.VNRC__100_MSEED 
164 VSARA  S   0.36  2  2  999.0  999.0  999.0  999.0 2008-06-01-2234-50S.VNRC__100_MSEED 
164 VTAMB  P  -0.34  0  1  999.0  999.0  999.0  999.0 2008-06-01-2234-50S.VNRC__100_MSEED 
164 VTAMB  S   0.01  2  1  999.0  999.0  999.0  999.0 2008-06-01-2234-50S.VNRC__100_MSEED 
164 VTURT  P  16.96  2  1  999.0  999.0  999.0  999.0 2008-06-01-2234-50S.VNRC__100_MSEED 
165 VSARA  P -15.62  2  2  999.0  999.0  999.0  999.0 2008-06-01-2247-45S.VNRC__100_MSEED 
166 VESPI  P  -0.25  0  2  999.0  999.0  999.0  999.0 2008-06-01-2300-31S.VNRC__100_MSEED 
166 VESPI  S  -0.07  3  1  999.0  999.0  999.0  999.0 2008-06-01-2300-31S.VNRC__100_MSEED 
166 VLEBE  P   0.00  1  1  999.0  999.0  999.0  999.0 2008-06-01-2300-31S.VNRC__100_MSEED 
166 VSALE  P  -0.26  1  2  999.0  999.0  999.0  999.0 2008-06-01-2300-31S.VNRC__100_MSEED 
166 VWUSI  P  -0.17  2  2  999.0  999.0  999.0  999.0 2008-06-01-2300-31S.VNRC__100_MSEED 
167 VKOLH  P  -0.09  1  2  999.0  999.0  999.0  999.0 2008-06-01-2307-52S.VNRC__100_MSEED 
167 VSARA  P  -0.22  0  2  999.0  999.0  999.0  999.0 2008-06-01-2307-52S.VNRC__100_MSEED 
169 VASAV  P  -0.32  0  1  999.0  999.0  999.0  999.0 2008-06-01-2319-37S.VNRC__100_MSEED 
169 VASAV  S  -0.28  2  1  999.0  999.0  999.0  999.0 2008-06-01-2319-37S.VNRC__100_MSEED 
169 VAVUN  P  -0.32  0  2  999.0  999.0  999.0  999.0 2008-06-01-2319-37S.VNRC__100_MSEED 
169 VAVUN  S  -0.32  1  2  999.0  999.0  999.0  999.0 2008-06-01-2319-37S.VNRC__100_MSEED 
169 VBUTM  P  10.08  1  2  999.0  999.0  999.0  999.0 2008-06-01-2319-37S.VNRC__100_MSEED 
169 VESPI  P  -0.24  0  1  999.0  999.0  999.0  999.0 2008-06-01-2319-37S.VNRC__100_MSEED 
169 VESPI  S   0.09  2  1  999.0  999.0  999.0  999.0 2008-06-01-2319-37S.VNRC__100_MSEED 
169 VIRHO  P  -0.14  0  2  999.0  999.0  999.0  999.0 2008-06-01-2319-37S.VNRC__100_MSEED 
169 VIRHO  S  -0.28  2  2  999.0  999.0  999.0  999.0 2008-06-01-2319-37S.VNRC__100_MSEED 
169 VKOLH  P  -0.32  1  1  999.0  999.0  999.0  999.0 2008-06-01-2319-37S.VNRC__100_MSEED 
169 VNARW  P  -0.33  0  1  999.0  999.0  999.0  999.0 2008-06-01-2319-37S.VNRC__100_MSEED 
169 VNARW  S  -0.44  1  3  999.0  999.0  999.0  999.0 2008-06-01-2319-37S.VNRC__100_MSEED 
169 VPOTO  P  -0.30  0  1  999.0  999.0  999.0  999.0 2008-06-01-2319-37S.VNRC__100_MSEED 
169 VPOTO  S  -0.34  2  3  999.0  999.0  999.0  999.0 2008-06-01-2319-37S.VNRC__100_MSEED 
169 VSARA  P  -0.29  0  1  999.0  999.0  999.0  999.0 2008-06-01-2319-37S.VNRC__100_MSEED 
169 VSARA  S  -0.17  2  3  999.0  999.0  999.0  999.0 2008-06-01-2319-37S.VNRC__100_MSEED 
169 VTAMB  P  -0.35  0  0  999.0  999.0  999.0  999.0 2008-06-01-2319-37S.VNRC__100_MSEED 
169 VTAMB  S  -0.34  1  2  999.0  999.0  999.0  999.0 2008-06-01-2319-37S.VNRC__100_MSEED 
169 VTURT  P   0.13  2  1  999.0  999.0  999.0  999.0 2008-06-01-2319-37S.VNRC__100_MSEED 
