 Input File: make_theo.out                           

 
    
 VANGO1517.795S16653.092E  141  0.22 0.00
 VASAV1544.011S16714.357E   23  0.02 0.00
 VAVUN1538.564S167 7.858E   24  0.00 0.00
 VBOKI1535.546S16714.578E    4  0.10 0.00
 VBUTM1521.028S16659.918E  531 -0.13 0.00
 VEBEN1534.043S16657.361E   55 -0.01 0.00
 VESPI1558.421S16711.515E   35  0.11 0.00
 VIRHO1526.824S16712.204E   66 -0.13 0.00
 VKOLH1513.140S167 9.244E  118 -0.01 0.00
 VLAKA16 6.327S16725.309E   14  0.59 0.00
 VLEBE1524.886S16657.154E  442 -0.09 0.00
 VLEVI16 9.252S16715.090E   43  0.99 0.00
 VNARW1558.802S16720.568E   62  0.35 0.00
 VPOTO1553.334S16715.245E   23  0.31 0.00
 VSALE1538.760S16649.794E  142 -0.12 0.00
 VSARA1513.756S16659.557E  322 -0.10 0.00
 VSULE1530.933S16643.675E  117  0.47 0.00
 VTAMB1528.074S167 4.287E  227 -0.17 0.00
 VTURT1519.684S167 9.988E   32 -0.23 0.00
 VWUSI1522.015S16639.561E   40  0.52 0.00
 OS01 1532.498S16631.996E-2332 -0.26 0.00
 OS02 1542.022S16635.009E-3082 -0.23 0.00
 OS03 1549.434S16625.966E-3656 -0.47 0.00
 OS04 1551.032S16640.497E-2439 -0.07 0.00
 OS05 1548.526S16654.554E-1232 -0.40 0.00
 OS06 16 0.022S16647.987E-1792  0.38 0.00
 OS07 1558.998S16659.011E-1272  0.45 0.00
 OS08 1548.519S167 2.979E -759 -0.59 0.00
 OS09 1610.495S16650.028E-4195 -0.02 0.00
 OS10 1611.026S167 1.997E-3454  0.02 0.00
 BKM  1740.070S16814.380E  287  0.00 0.00
 DVP  1743.340S16811.470E  106  0.00 0.00
 MLP  1743.570S16817.670E   20  0.00 0.00
 PVM  1744.970S16818.870E   21  0.00 0.00
 LPV  1630.773S16819.304E  238  0.00 0.00
 AMB  1616.926S168 7.382E  780  0.00 0.00
 AMB1 1616.926S168 7.382E  780  0.00 0.00
 DZM  22 4.300S16626.630E  878  0.00 0.00
 MSVF 1744.000S178 3.000E  783  0.00 0.00
 HNR   925.930S15956.830E   72  0.00 0.00
 FUNA  831.550S17911.800E    0  0.00 0.00
 EIDS 2522.150S151 4.900E  216  0.00 0.00

     --------- HYPOCENTER Version 4.0  1998 -----------



 Maximum elev. station: DZM     22 4.30S 16626.63E   elevation =   878 m


 Trial depth = 15.00  Vp/Vs =  1.80

 Velocity Model

 Depth, km   Vp, km/s   Vs, km/s
     -2.00       6.07       3.37    
      5.00       6.13       3.41    
      6.00       6.20       3.44    
      8.50       6.43       3.57    
     11.00       6.67       3.71    
     13.50       6.88       3.82    
     16.50       7.11       3.95    
     19.50       7.29       4.05    
     22.50       7.46       4.14    
     26.00       7.67       4.26    
     29.50       7.83       4.35    
     33.50       7.93       4.41    
     37.50       8.02       4.46    
     42.00       8.10       4.50    
     46.50       8.11       4.51    
     50.00       8.11       4.51    
     56.00       8.12       4.51    
     61.00       8.12       4.51    
     66.00       8.12       4.51    
     71.00       8.12       4.51    
     76.00       8.12       4.51    
     81.00       8.12       4.51    
     86.00       8.13       4.52    
     91.00       8.13       4.52    
     96.00       8.13       4.52    
    101.00       8.13       4.52    
    121.00       8.15       4.53    
    141.00       8.18       4.54    
    161.00       8.21       4.56    
    220.00       8.31       4.62    
    285.00       8.50       4.72    
